[0.055s] DEBUG:colcon:Command line arguments: ['/usr/bin/colcon', 'build', '--packages-select', 'omni_base_bringup']
[0.055s] DEBUG:colcon:Parsed command line arguments: Namespace(log_base=None, log_level=None, verb_name='build', build_base='build', install_base='install', merge_install=False, symlink_install=False, test_result_base=None, continue_on_error=False, executor='parallel', parallel_workers=16, event_handlers=None, ignore_user_meta=False, metas=['./colcon.meta'], base_paths=['.'], packages_ignore=None, packages_ignore_regex=None, paths=None, packages_up_to=None, packages_up_to_regex=None, packages_above=None, packages_above_and_dependencies=None, packages_above_depth=None, packages_select_by_dep=None, packages_skip_by_dep=None, packages_skip_up_to=None, packages_select_build_failed=False, packages_skip_build_finished=False, packages_select_test_failures=False, packages_skip_test_passed=False, packages_select=['omni_base_bringup'], packages_skip=None, packages_select_regex=None, packages_skip_regex=None, packages_start=None, packages_end=None, cmake_args=None, cmake_target=None, cmake_target_skip_unavailable=False, cmake_clean_cache=False, cmake_clean_first=False, cmake_force_configure=False, ament_cmake_args=None, catkin_cmake_args=None, catkin_skip_building_tests=False, mixin_files=None, mixin=None, verb_parser=<colcon_mixin.mixin.mixin_argument.MixinArgumentDecorator object at 0x724d9f227460>, verb_extension=<colcon_core.verb.build.BuildVerb object at 0x724d9f226e60>, main=<bound method BuildVerb.main of <colcon_core.verb.build.BuildVerb object at 0x724d9f226e60>>, mixin_verb=('build',))
[0.121s] Level 1:colcon.colcon_core.package_discovery:discover_packages(colcon_meta) check parameters
[0.121s] Level 1:colcon.colcon_core.package_discovery:discover_packages(recursive) check parameters
[0.121s] Level 1:colcon.colcon_core.package_discovery:discover_packages(ignore) check parameters
[0.121s] Level 1:colcon.colcon_core.package_discovery:discover_packages(path) check parameters
[0.121s] Level 1:colcon.colcon_core.package_discovery:discover_packages(colcon_meta) discover
[0.121s] Level 1:colcon.colcon_core.package_discovery:discover_packages(recursive) discover
[0.121s] INFO:colcon.colcon_core.package_discovery:Crawling recursively for packages in '/home/container_user/omni_ws'
[0.121s] Level 1:colcon.colcon_core.package_identification:_identify(.) by extensions ['ignore', 'ignore_ament_install']
[0.121s] Level 1:colcon.colcon_core.package_identification:_identify(.) by extension 'ignore'
[0.121s] Level 1:colcon.colcon_core.package_identification:_identify(.) by extension 'ignore_ament_install'
[0.121s] Level 1:colcon.colcon_core.package_identification:_identify(.) by extensions ['colcon_pkg']
[0.121s] Level 1:colcon.colcon_core.package_identification:_identify(.) by extension 'colcon_pkg'
[0.121s] Level 1:colcon.colcon_core.package_identification:_identify(.) by extensions ['colcon_meta']
[0.121s] Level 1:colcon.colcon_core.package_identification:_identify(.) by extension 'colcon_meta'
[0.121s] Level 1:colcon.colcon_core.package_identification:_identify(.) by extensions ['ros']
[0.121s] Level 1:colcon.colcon_core.package_identification:_identify(.) by extension 'ros'
[0.128s] Level 1:colcon.colcon_core.package_identification:_identify(.) by extensions ['cmake', 'python']
[0.128s] Level 1:colcon.colcon_core.package_identification:_identify(.) by extension 'cmake'
[0.128s] Level 1:colcon.colcon_core.package_identification:_identify(.) by extension 'python'
[0.128s] Level 1:colcon.colcon_core.package_identification:_identify(.) by extensions ['python_setup_py']
[0.128s] Level 1:colcon.colcon_core.package_identification:_identify(.) by extension 'python_setup_py'
[0.128s] Level 1:colcon.colcon_core.package_identification:_identify(build) by extensions ['ignore', 'ignore_ament_install']
[0.128s] Level 1:colcon.colcon_core.package_identification:_identify(build) by extension 'ignore'
[0.128s] Level 1:colcon.colcon_core.package_identification:_identify(build) ignored
[0.128s] Level 1:colcon.colcon_core.package_identification:_identify(install) by extensions ['ignore', 'ignore_ament_install']
[0.128s] Level 1:colcon.colcon_core.package_identification:_identify(install) by extension 'ignore'
[0.128s] Level 1:colcon.colcon_core.package_identification:_identify(install) ignored
[0.128s] Level 1:colcon.colcon_core.package_identification:_identify(log) by extensions ['ignore', 'ignore_ament_install']
[0.128s] Level 1:colcon.colcon_core.package_identification:_identify(log) by extension 'ignore'
[0.128s] Level 1:colcon.colcon_core.package_identification:_identify(log) ignored
[0.128s] Level 1:colcon.colcon_core.package_identification:_identify(src) by extensions ['ignore', 'ignore_ament_install']
[0.128s] Level 1:colcon.colcon_core.package_identification:_identify(src) by extension 'ignore'
[0.128s] Level 1:colcon.colcon_core.package_identification:_identify(src) by extension 'ignore_ament_install'
[0.128s] Level 1:colcon.colcon_core.package_identification:_identify(src) by extensions ['colcon_pkg']
[0.128s] Level 1:colcon.colcon_core.package_identification:_identify(src) by extension 'colcon_pkg'
[0.128s] Level 1:colcon.colcon_core.package_identification:_identify(src) by extensions ['colcon_meta']
[0.128s] Level 1:colcon.colcon_core.package_identification:_identify(src) by extension 'colcon_meta'
[0.129s] Level 1:colcon.colcon_core.package_identification:_identify(src) by extensions ['ros']
[0.129s] Level 1:colcon.colcon_core.package_identification:_identify(src) by extension 'ros'
[0.129s] Level 1:colcon.colcon_core.package_identification:_identify(src) by extensions ['cmake', 'python']
[0.129s] Level 1:colcon.colcon_core.package_identification:_identify(src) by extension 'cmake'
[0.129s] Level 1:colcon.colcon_core.package_identification:_identify(src) by extension 'python'
[0.129s] Level 1:colcon.colcon_core.package_identification:_identify(src) by extensions ['python_setup_py']
[0.129s] Level 1:colcon.colcon_core.package_identification:_identify(src) by extension 'python_setup_py'
[0.129s] Level 1:colcon.colcon_core.package_identification:_identify(src/omni_base_bringup) by extensions ['ignore', 'ignore_ament_install']
[0.129s] Level 1:colcon.colcon_core.package_identification:_identify(src/omni_base_bringup) by extension 'ignore'
[0.129s] Level 1:colcon.colcon_core.package_identification:_identify(src/omni_base_bringup) by extension 'ignore_ament_install'
[0.129s] Level 1:colcon.colcon_core.package_identification:_identify(src/omni_base_bringup) by extensions ['colcon_pkg']
[0.129s] Level 1:colcon.colcon_core.package_identification:_identify(src/omni_base_bringup) by extension 'colcon_pkg'
[0.129s] Level 1:colcon.colcon_core.package_identification:_identify(src/omni_base_bringup) by extensions ['colcon_meta']
[0.129s] Level 1:colcon.colcon_core.package_identification:_identify(src/omni_base_bringup) by extension 'colcon_meta'
[0.129s] Level 1:colcon.colcon_core.package_identification:_identify(src/omni_base_bringup) by extensions ['ros']
[0.129s] Level 1:colcon.colcon_core.package_identification:_identify(src/omni_base_bringup) by extension 'ros'
[0.130s] DEBUG:colcon.colcon_core.package_identification:Package 'src/omni_base_bringup' with type 'ros.ament_cmake' and name 'omni_base_bringup'
[0.130s] Level 1:colcon.colcon_core.package_identification:_identify(src/omni_base_control) by extensions ['ignore', 'ignore_ament_install']
[0.130s] Level 1:colcon.colcon_core.package_identification:_identify(src/omni_base_control) by extension 'ignore'
[0.130s] Level 1:colcon.colcon_core.package_identification:_identify(src/omni_base_control) by extension 'ignore_ament_install'
[0.130s] Level 1:colcon.colcon_core.package_identification:_identify(src/omni_base_control) by extensions ['colcon_pkg']
[0.130s] Level 1:colcon.colcon_core.package_identification:_identify(src/omni_base_control) by extension 'colcon_pkg'
[0.130s] Level 1:colcon.colcon_core.package_identification:_identify(src/omni_base_control) by extensions ['colcon_meta']
[0.130s] Level 1:colcon.colcon_core.package_identification:_identify(src/omni_base_control) by extension 'colcon_meta'
[0.130s] Level 1:colcon.colcon_core.package_identification:_identify(src/omni_base_control) by extensions ['ros']
[0.130s] Level 1:colcon.colcon_core.package_identification:_identify(src/omni_base_control) by extension 'ros'
[0.131s] DEBUG:colcon.colcon_core.package_identification:Package 'src/omni_base_control' with type 'ros.ament_cmake' and name 'omni_base_control'
[0.131s] Level 1:colcon.colcon_core.package_identification:_identify(src/omni_base_description) by extensions ['ignore', 'ignore_ament_install']
[0.131s] Level 1:colcon.colcon_core.package_identification:_identify(src/omni_base_description) by extension 'ignore'
[0.131s] Level 1:colcon.colcon_core.package_identification:_identify(src/omni_base_description) by extension 'ignore_ament_install'
[0.131s] Level 1:colcon.colcon_core.package_identification:_identify(src/omni_base_description) by extensions ['colcon_pkg']
[0.131s] Level 1:colcon.colcon_core.package_identification:_identify(src/omni_base_description) by extension 'colcon_pkg'
[0.131s] Level 1:colcon.colcon_core.package_identification:_identify(src/omni_base_description) by extensions ['colcon_meta']
[0.131s] Level 1:colcon.colcon_core.package_identification:_identify(src/omni_base_description) by extension 'colcon_meta'
[0.131s] Level 1:colcon.colcon_core.package_identification:_identify(src/omni_base_description) by extensions ['ros']
[0.131s] Level 1:colcon.colcon_core.package_identification:_identify(src/omni_base_description) by extension 'ros'
[0.131s] DEBUG:colcon.colcon_core.package_identification:Package 'src/omni_base_description' with type 'ros.ament_cmake' and name 'omni_base_description'
[0.131s] Level 1:colcon.colcon_core.package_identification:_identify(src/omni_base_navigation) by extensions ['ignore', 'ignore_ament_install']
[0.131s] Level 1:colcon.colcon_core.package_identification:_identify(src/omni_base_navigation) by extension 'ignore'
[0.131s] Level 1:colcon.colcon_core.package_identification:_identify(src/omni_base_navigation) by extension 'ignore_ament_install'
[0.131s] Level 1:colcon.colcon_core.package_identification:_identify(src/omni_base_navigation) by extensions ['colcon_pkg']
[0.131s] Level 1:colcon.colcon_core.package_identification:_identify(src/omni_base_navigation) by extension 'colcon_pkg'
[0.131s] Level 1:colcon.colcon_core.package_identification:_identify(src/omni_base_navigation) by extensions ['colcon_meta']
[0.131s] Level 1:colcon.colcon_core.package_identification:_identify(src/omni_base_navigation) by extension 'colcon_meta'
[0.131s] Level 1:colcon.colcon_core.package_identification:_identify(src/omni_base_navigation) by extensions ['ros']
[0.131s] Level 1:colcon.colcon_core.package_identification:_identify(src/omni_base_navigation) by extension 'ros'
[0.132s] DEBUG:colcon.colcon_core.package_identification:Package 'src/omni_base_navigation' with type 'ros.ament_cmake' and name 'omni_base_navigation'
[0.132s] Level 1:colcon.colcon_core.package_discovery:discover_packages(recursive) using defaults
[0.132s] Level 1:colcon.colcon_core.package_discovery:discover_packages(ignore) discover
[0.132s] Level 1:colcon.colcon_core.package_discovery:discover_packages(ignore) using defaults
[0.132s] Level 1:colcon.colcon_core.package_discovery:discover_packages(path) discover
[0.132s] Level 1:colcon.colcon_core.package_discovery:discover_packages(path) using defaults
[0.143s] INFO:colcon.colcon_core.package_selection:Skipping not selected package 'omni_base_control' in 'src/omni_base_control'
[0.143s] INFO:colcon.colcon_core.package_selection:Skipping not selected package 'omni_base_description' in 'src/omni_base_description'
[0.143s] INFO:colcon.colcon_core.package_selection:Skipping not selected package 'omni_base_navigation' in 'src/omni_base_navigation'
[0.143s] Level 5:colcon.colcon_core.verb:set package 'omni_base_bringup' build argument 'cmake_args' from command line to 'None'
[0.143s] Level 5:colcon.colcon_core.verb:set package 'omni_base_bringup' build argument 'cmake_target' from command line to 'None'
[0.143s] Level 5:colcon.colcon_core.verb:set package 'omni_base_bringup' build argument 'cmake_target_skip_unavailable' from command line to 'False'
[0.143s] Level 5:colcon.colcon_core.verb:set package 'omni_base_bringup' build argument 'cmake_clean_cache' from command line to 'False'
[0.143s] Level 5:colcon.colcon_core.verb:set package 'omni_base_bringup' build argument 'cmake_clean_first' from command line to 'False'
[0.143s] Level 5:colcon.colcon_core.verb:set package 'omni_base_bringup' build argument 'cmake_force_configure' from command line to 'False'
[0.143s] Level 5:colcon.colcon_core.verb:set package 'omni_base_bringup' build argument 'ament_cmake_args' from command line to 'None'
[0.143s] Level 5:colcon.colcon_core.verb:set package 'omni_base_bringup' build argument 'catkin_cmake_args' from command line to 'None'
[0.143s] Level 5:colcon.colcon_core.verb:set package 'omni_base_bringup' build argument 'catkin_skip_building_tests' from command line to 'False'
[0.143s] DEBUG:colcon.colcon_core.verb:Building package 'omni_base_bringup' with the following arguments: {'ament_cmake_args': None, 'build_base': '/home/container_user/omni_ws/build/omni_base_bringup', 'catkin_cmake_args': None, 'catkin_skip_building_tests': False, 'cmake_args': None, 'cmake_clean_cache': False, 'cmake_clean_first': False, 'cmake_force_configure': False, 'cmake_target': None, 'cmake_target_skip_unavailable': False, 'install_base': '/home/container_user/omni_ws/install/omni_base_bringup', 'merge_install': False, 'path': '/home/container_user/omni_ws/src/omni_base_bringup', 'symlink_install': False, 'test_result_base': None}
[0.143s] INFO:colcon.colcon_core.executor:Executing jobs using 'parallel' executor
[0.144s] DEBUG:colcon.colcon_parallel_executor.executor.parallel:run_until_complete
[0.144s] INFO:colcon.colcon_ros.task.ament_cmake.build:Building ROS package in '/home/container_user/omni_ws/src/omni_base_bringup' with build type 'ament_cmake'
[0.144s] INFO:colcon.colcon_cmake.task.cmake.build:Building CMake package in '/home/container_user/omni_ws/src/omni_base_bringup'
[0.145s] INFO:colcon.colcon_core.plugin_system:Skipping extension 'colcon_core.shell.bat': Not used on non-Windows systems
[0.145s] INFO:colcon.colcon_core.shell:Skip shell extension 'powershell' for command environment: Not usable outside of PowerShell
[0.145s] DEBUG:colcon.colcon_core.shell:Skip shell extension 'dsv' for command environment
[0.152s] DEBUG:colcon.colcon_core.event_handler.log_command:Invoking command in '/home/container_user/omni_ws/build/omni_base_bringup': CMAKE_PREFIX_PATH=/home/container_user/omni_ws/install/omni_base_description:/home/container_user/omni_ws/install/omni_base_navigation:/home/container_user/omni_ws/install/omni_base_bringup:/home/container_user/omni_ws/install/omni_base_control:/opt/ros/humble /usr/bin/cmake /home/container_user/omni_ws/src/omni_base_bringup -DCMAKE_INSTALL_PREFIX=/home/container_user/omni_ws/install/omni_base_bringup
[0.279s] DEBUG:colcon.colcon_core.event_handler.log_command:Invoked command in '/home/container_user/omni_ws/build/omni_base_bringup' returned '0': CMAKE_PREFIX_PATH=/home/container_user/omni_ws/install/omni_base_description:/home/container_user/omni_ws/install/omni_base_navigation:/home/container_user/omni_ws/install/omni_base_bringup:/home/container_user/omni_ws/install/omni_base_control:/opt/ros/humble /usr/bin/cmake /home/container_user/omni_ws/src/omni_base_bringup -DCMAKE_INSTALL_PREFIX=/home/container_user/omni_ws/install/omni_base_bringup
[0.280s] DEBUG:colcon.colcon_core.event_handler.log_command:Invoking command in '/home/container_user/omni_ws/build/omni_base_bringup': CMAKE_PREFIX_PATH=/home/container_user/omni_ws/install/omni_base_description:/home/container_user/omni_ws/install/omni_base_navigation:/home/container_user/omni_ws/install/omni_base_bringup:/home/container_user/omni_ws/install/omni_base_control:/opt/ros/humble /usr/bin/cmake --build /home/container_user/omni_ws/build/omni_base_bringup -- -j16 -l16
[0.307s] DEBUG:colcon.colcon_core.event_handler.log_command:Invoked command in '/home/container_user/omni_ws/build/omni_base_bringup' returned '0': CMAKE_PREFIX_PATH=/home/container_user/omni_ws/install/omni_base_description:/home/container_user/omni_ws/install/omni_base_navigation:/home/container_user/omni_ws/install/omni_base_bringup:/home/container_user/omni_ws/install/omni_base_control:/opt/ros/humble /usr/bin/cmake --build /home/container_user/omni_ws/build/omni_base_bringup -- -j16 -l16
[0.313s] DEBUG:colcon.colcon_core.event_handler.log_command:Invoking command in '/home/container_user/omni_ws/build/omni_base_bringup': CMAKE_PREFIX_PATH=/home/container_user/omni_ws/install/omni_base_description:/home/container_user/omni_ws/install/omni_base_navigation:/home/container_user/omni_ws/install/omni_base_bringup:/home/container_user/omni_ws/install/omni_base_control:/opt/ros/humble /usr/bin/cmake --install /home/container_user/omni_ws/build/omni_base_bringup
[0.329s] Level 1:colcon.colcon_core.environment:create_environment_scripts_only(omni_base_bringup)
[0.329s] DEBUG:colcon.colcon_core.event_handler.log_command:Invoked command in '/home/container_user/omni_ws/build/omni_base_bringup' returned '0': CMAKE_PREFIX_PATH=/home/container_user/omni_ws/install/omni_base_description:/home/container_user/omni_ws/install/omni_base_navigation:/home/container_user/omni_ws/install/omni_base_bringup:/home/container_user/omni_ws/install/omni_base_control:/opt/ros/humble /usr/bin/cmake --install /home/container_user/omni_ws/build/omni_base_bringup
[0.331s] Level 1:colcon.colcon_core.environment:checking '/home/container_user/omni_ws/install/omni_base_bringup' for CMake module files
[0.332s] Level 1:colcon.colcon_core.environment:checking '/home/container_user/omni_ws/install/omni_base_bringup' for CMake config files
[0.332s] Level 1:colcon.colcon_core.shell:create_environment_hook('omni_base_bringup', 'cmake_prefix_path')
[0.332s] INFO:colcon.colcon_core.shell:Creating environment hook '/home/container_user/omni_ws/install/omni_base_bringup/share/omni_base_bringup/hook/cmake_prefix_path.ps1'
[0.333s] INFO:colcon.colcon_core.shell:Creating environment descriptor '/home/container_user/omni_ws/install/omni_base_bringup/share/omni_base_bringup/hook/cmake_prefix_path.dsv'
[0.333s] INFO:colcon.colcon_core.shell:Creating environment hook '/home/container_user/omni_ws/install/omni_base_bringup/share/omni_base_bringup/hook/cmake_prefix_path.sh'
[0.334s] Level 1:colcon.colcon_core.environment:checking '/home/container_user/omni_ws/install/omni_base_bringup/bin'
[0.334s] Level 1:colcon.colcon_core.environment:checking '/home/container_user/omni_ws/install/omni_base_bringup/lib/pkgconfig/omni_base_bringup.pc'
[0.336s] Level 1:colcon.colcon_core.environment:checking '/home/container_user/omni_ws/install/omni_base_bringup/lib/python3.10/site-packages'
[0.336s] Level 1:colcon.colcon_core.environment:checking '/home/container_user/omni_ws/install/omni_base_bringup/bin'
[0.336s] INFO:colcon.colcon_core.shell:Creating package script '/home/container_user/omni_ws/install/omni_base_bringup/share/omni_base_bringup/package.ps1'
[0.337s] INFO:colcon.colcon_core.shell:Creating package descriptor '/home/container_user/omni_ws/install/omni_base_bringup/share/omni_base_bringup/package.dsv'
[0.337s] INFO:colcon.colcon_core.shell:Creating package script '/home/container_user/omni_ws/install/omni_base_bringup/share/omni_base_bringup/package.sh'
[0.338s] INFO:colcon.colcon_core.shell:Creating package script '/home/container_user/omni_ws/install/omni_base_bringup/share/omni_base_bringup/package.bash'
[0.338s] INFO:colcon.colcon_core.shell:Creating package script '/home/container_user/omni_ws/install/omni_base_bringup/share/omni_base_bringup/package.zsh'
[0.339s] Level 1:colcon.colcon_core.environment:create_file_with_runtime_dependencies(/home/container_user/omni_ws/install/omni_base_bringup/share/colcon-core/packages/omni_base_bringup)
[0.340s] Level 1:colcon.colcon_core.environment:create_environment_scripts_only(omni_base_bringup)
[0.340s] Level 1:colcon.colcon_core.environment:checking '/home/container_user/omni_ws/install/omni_base_bringup' for CMake module files
[0.340s] Level 1:colcon.colcon_core.environment:checking '/home/container_user/omni_ws/install/omni_base_bringup' for CMake config files
[0.340s] Level 1:colcon.colcon_core.shell:create_environment_hook('omni_base_bringup', 'cmake_prefix_path')
[0.340s] INFO:colcon.colcon_core.shell:Creating environment hook '/home/container_user/omni_ws/install/omni_base_bringup/share/omni_base_bringup/hook/cmake_prefix_path.ps1'
[0.340s] INFO:colcon.colcon_core.shell:Creating environment descriptor '/home/container_user/omni_ws/install/omni_base_bringup/share/omni_base_bringup/hook/cmake_prefix_path.dsv'
[0.340s] INFO:colcon.colcon_core.shell:Creating environment hook '/home/container_user/omni_ws/install/omni_base_bringup/share/omni_base_bringup/hook/cmake_prefix_path.sh'
[0.341s] Level 1:colcon.colcon_core.environment:checking '/home/container_user/omni_ws/install/omni_base_bringup/bin'
[0.341s] Level 1:colcon.colcon_core.environment:checking '/home/container_user/omni_ws/install/omni_base_bringup/lib/pkgconfig/omni_base_bringup.pc'
[0.341s] Level 1:colcon.colcon_core.environment:checking '/home/container_user/omni_ws/install/omni_base_bringup/lib/python3.10/site-packages'
[0.341s] Level 1:colcon.colcon_core.environment:checking '/home/container_user/omni_ws/install/omni_base_bringup/bin'
[0.341s] INFO:colcon.colcon_core.shell:Creating package script '/home/container_user/omni_ws/install/omni_base_bringup/share/omni_base_bringup/package.ps1'
[0.341s] INFO:colcon.colcon_core.shell:Creating package descriptor '/home/container_user/omni_ws/install/omni_base_bringup/share/omni_base_bringup/package.dsv'
[0.342s] INFO:colcon.colcon_core.shell:Creating package script '/home/container_user/omni_ws/install/omni_base_bringup/share/omni_base_bringup/package.sh'
[0.342s] INFO:colcon.colcon_core.shell:Creating package script '/home/container_user/omni_ws/install/omni_base_bringup/share/omni_base_bringup/package.bash'
[0.342s] INFO:colcon.colcon_core.shell:Creating package script '/home/container_user/omni_ws/install/omni_base_bringup/share/omni_base_bringup/package.zsh'
[0.342s] Level 1:colcon.colcon_core.environment:create_file_with_runtime_dependencies(/home/container_user/omni_ws/install/omni_base_bringup/share/colcon-core/packages/omni_base_bringup)
[0.342s] DEBUG:colcon.colcon_parallel_executor.executor.parallel:closing loop
[0.342s] DEBUG:colcon.colcon_parallel_executor.executor.parallel:loop closed
[0.343s] DEBUG:colcon.colcon_parallel_executor.executor.parallel:run_until_complete finished with '0'
[0.343s] DEBUG:colcon.colcon_core.event_reactor:joining thread
[0.351s] INFO:colcon.colcon_core.plugin_system:Skipping extension 'colcon_notification.desktop_notification.notify_send': Could not find 'notify-send'
[0.352s] INFO:colcon.colcon_core.plugin_system:Skipping extension 'colcon_notification.desktop_notification.terminal_notifier': Not used on non-Darwin systems
[0.352s] INFO:colcon.colcon_core.plugin_system:Skipping extension 'colcon_notification.desktop_notification.win32': Not used on non-Windows systems
[0.352s] INFO:colcon.colcon_notification.desktop_notification:Sending desktop notification using 'notify2'
[0.353s] DEBUG:colcon.colcon_notification.desktop_notification.notify2:Failed to initialize notify2: org.freedesktop.DBus.Error.Spawn.ExecFailed: /usr/bin/dbus-launch terminated abnormally without any error message
[0.354s] DEBUG:colcon.colcon_core.event_reactor:joined thread
[0.354s] INFO:colcon.colcon_core.shell:Creating prefix script '/home/container_user/omni_ws/install/local_setup.ps1'
[0.355s] INFO:colcon.colcon_core.shell:Creating prefix util module '/home/container_user/omni_ws/install/_local_setup_util_ps1.py'
[0.355s] INFO:colcon.colcon_core.shell:Creating prefix chain script '/home/container_user/omni_ws/install/setup.ps1'
[0.356s] INFO:colcon.colcon_core.shell:Creating prefix script '/home/container_user/omni_ws/install/local_setup.sh'
[0.356s] INFO:colcon.colcon_core.shell:Creating prefix util module '/home/container_user/omni_ws/install/_local_setup_util_sh.py'
[0.357s] INFO:colcon.colcon_core.shell:Creating prefix chain script '/home/container_user/omni_ws/install/setup.sh'
[0.357s] INFO:colcon.colcon_core.shell:Creating prefix script '/home/container_user/omni_ws/install/local_setup.bash'
[0.358s] INFO:colcon.colcon_core.shell:Creating prefix chain script '/home/container_user/omni_ws/install/setup.bash'
[0.358s] INFO:colcon.colcon_core.shell:Creating prefix script '/home/container_user/omni_ws/install/local_setup.zsh'
[0.358s] INFO:colcon.colcon_core.shell:Creating prefix chain script '/home/container_user/omni_ws/install/setup.zsh'
