[0.007s] Invoking command in '/home/container_user/omni_ws/build/omni_base_bringup': CMAKE_PREFIX_PATH=/home/container_user/omni_ws/install/omni_base_description:/home/container_user/omni_ws/install/omni_base_navigation:/home/container_user/omni_ws/install/omni_base_bringup:/home/container_user/omni_ws/install/omni_base_control:/opt/ros/humble /usr/bin/cmake /home/container_user/omni_ws/src/omni_base_bringup -DCMAKE_INSTALL_PREFIX=/home/container_user/omni_ws/install/omni_base_bringup
[0.014s] -- Found ament_cmake: 1.3.11 (/opt/ros/humble/share/ament_cmake/cmake)
[0.088s] -- Override CMake install command with custom implementation using symlinks instead of copying resources
[0.131s] -- Configuring done
[0.132s] -- Generating done
[0.133s] -- Build files have been written to: /home/container_user/omni_ws/build/omni_base_bringup
[0.134s] Invoked command in '/home/container_user/omni_ws/build/omni_base_bringup' returned '0': CMAKE_PREFIX_PATH=/home/container_user/omni_ws/install/omni_base_description:/home/container_user/omni_ws/install/omni_base_navigation:/home/container_user/omni_ws/install/omni_base_bringup:/home/container_user/omni_ws/install/omni_base_control:/opt/ros/humble /usr/bin/cmake /home/container_user/omni_ws/src/omni_base_bringup -DCMAKE_INSTALL_PREFIX=/home/container_user/omni_ws/install/omni_base_bringup
[0.135s] Invoking command in '/home/container_user/omni_ws/build/omni_base_bringup': CMAKE_PREFIX_PATH=/home/container_user/omni_ws/install/omni_base_description:/home/container_user/omni_ws/install/omni_base_navigation:/home/container_user/omni_ws/install/omni_base_bringup:/home/container_user/omni_ws/install/omni_base_control:/opt/ros/humble /usr/bin/cmake --build /home/container_user/omni_ws/build/omni_base_bringup -- -j16 -l16
[0.162s] Invoked command in '/home/container_user/omni_ws/build/omni_base_bringup' returned '0': CMAKE_PREFIX_PATH=/home/container_user/omni_ws/install/omni_base_description:/home/container_user/omni_ws/install/omni_base_navigation:/home/container_user/omni_ws/install/omni_base_bringup:/home/container_user/omni_ws/install/omni_base_control:/opt/ros/humble /usr/bin/cmake --build /home/container_user/omni_ws/build/omni_base_bringup -- -j16 -l16
[0.169s] Invoking command in '/home/container_user/omni_ws/build/omni_base_bringup': CMAKE_PREFIX_PATH=/home/container_user/omni_ws/install/omni_base_description:/home/container_user/omni_ws/install/omni_base_navigation:/home/container_user/omni_ws/install/omni_base_bringup:/home/container_user/omni_ws/install/omni_base_control:/opt/ros/humble /usr/bin/cmake --install /home/container_user/omni_ws/build/omni_base_bringup
[0.174s] -- Install configuration: ""
[0.175s] -- Execute custom install script
[0.175s] -- Up-to-date symlink: /home/container_user/omni_ws/install/omni_base_bringup/share/omni_base_bringup/launch/bringup.launch.py
[0.175s] -- Up-to-date symlink: /home/container_user/omni_ws/install/omni_base_bringup/share/omni_base_bringup/launch/nav2.launch.py
[0.175s] -- Up-to-date symlink: /home/container_user/omni_ws/install/omni_base_bringup/share/omni_base_bringup/launch/rplidar.launch.py
[0.175s] -- Up-to-date symlink: /home/container_user/omni_ws/install/omni_base_bringup/share/omni_base_bringup/launch/slam.launch.py
[0.175s] -- Up-to-date symlink: /home/container_user/omni_ws/install/omni_base_bringup/share/omni_base_bringup/launch/visualize_lidar.launch.py
[0.176s] -- Up-to-date symlink: /home/container_user/omni_ws/install/omni_base_bringup/share/omni_base_bringup/config/lidar_view.rviz
[0.176s] -- Up-to-date symlink: /home/container_user/omni_ws/install/omni_base_bringup/share/omni_base_bringup/config/nav2_params.yaml
[0.176s] -- Up-to-date symlink: /home/container_user/omni_ws/install/omni_base_bringup/share/omni_base_bringup/config/slam_params.yaml
[0.176s] -- Up-to-date symlink: /home/container_user/omni_ws/install/omni_base_bringup/share/ament_index/resource_index/package_run_dependencies/omni_base_bringup
[0.176s] -- Up-to-date symlink: /home/container_user/omni_ws/install/omni_base_bringup/share/ament_index/resource_index/parent_prefix_path/omni_base_bringup
[0.176s] -- Up-to-date symlink: /home/container_user/omni_ws/install/omni_base_bringup/share/omni_base_bringup/environment/ament_prefix_path.sh
[0.176s] -- Up-to-date symlink: /home/container_user/omni_ws/install/omni_base_bringup/share/omni_base_bringup/environment/ament_prefix_path.dsv
[0.176s] -- Up-to-date symlink: /home/container_user/omni_ws/install/omni_base_bringup/share/omni_base_bringup/environment/path.sh
[0.177s] -- Up-to-date symlink: /home/container_user/omni_ws/install/omni_base_bringup/share/omni_base_bringup/environment/path.dsv
[0.177s] -- Up-to-date symlink: /home/container_user/omni_ws/install/omni_base_bringup/share/omni_base_bringup/local_setup.bash
[0.177s] -- Up-to-date symlink: /home/container_user/omni_ws/install/omni_base_bringup/share/omni_base_bringup/local_setup.sh
[0.177s] -- Up-to-date symlink: /home/container_user/omni_ws/install/omni_base_bringup/share/omni_base_bringup/local_setup.zsh
[0.177s] -- Up-to-date symlink: /home/container_user/omni_ws/install/omni_base_bringup/share/omni_base_bringup/local_setup.dsv
[0.177s] -- Symlinking: /home/container_user/omni_ws/install/omni_base_bringup/share/omni_base_bringup/package.dsv
[0.183s] -- Up-to-date symlink: /home/container_user/omni_ws/install/omni_base_bringup/share/ament_index/resource_index/packages/omni_base_bringup
[0.183s] -- Up-to-date symlink: /home/container_user/omni_ws/install/omni_base_bringup/share/omni_base_bringup/cmake/omni_base_bringupConfig.cmake
[0.183s] -- Up-to-date symlink: /home/container_user/omni_ws/install/omni_base_bringup/share/omni_base_bringup/cmake/omni_base_bringupConfig-version.cmake
[0.184s] -- Up-to-date symlink: /home/container_user/omni_ws/install/omni_base_bringup/share/omni_base_bringup/package.xml
[0.185s] Invoked command in '/home/container_user/omni_ws/build/omni_base_bringup' returned '0': CMAKE_PREFIX_PATH=/home/container_user/omni_ws/install/omni_base_description:/home/container_user/omni_ws/install/omni_base_navigation:/home/container_user/omni_ws/install/omni_base_bringup:/home/container_user/omni_ws/install/omni_base_control:/opt/ros/humble /usr/bin/cmake --install /home/container_user/omni_ws/build/omni_base_bringup
