[0.007s] Invoking command in '/home/container_user/omni_ws/build/omni_base_navigation': CMAKE_PREFIX_PATH=/opt/ros/humble /usr/bin/cmake /home/container_user/omni_ws/src/omni_base_navigation -DAMENT_CMAKE_SYMLINK_INSTALL=1 -DCMAKE_INSTALL_PREFIX=/home/container_user/omni_ws/install/omni_base_navigation
[0.039s] -- The C compiler identification is GNU 11.4.0
[0.069s] -- The CXX compiler identification is GNU 11.4.0
[0.074s] -- Detecting C compiler ABI info
[0.114s] -- Detecting C compiler ABI info - done
[0.118s] -- Check for working C compiler: /usr/bin/cc - skipped
[0.118s] -- Detecting C compile features
[0.118s] -- Detecting C compile features - done
[0.120s] -- Detecting CXX compiler ABI info
[0.167s] -- Detecting CXX compiler ABI info - done
[0.172s] -- Check for working CXX compiler: /usr/bin/c++ - skipped
[0.172s] -- Detecting CXX compile features
[0.172s] -- Detecting CXX compile features - done
[0.174s] -- Found ament_cmake: 1.3.11 (/opt/ros/humble/share/ament_cmake/cmake)
[0.265s] -- Found Python3: /usr/bin/python3 (found version "3.10.12") found components: Interpreter 
[0.303s] -- Override CMake install command with custom implementation using symlinks instead of copying resources
[0.354s] -- Configuring done
[0.355s] -- Generating done
[0.356s] -- Build files have been written to: /home/container_user/omni_ws/build/omni_base_navigation
[0.359s] Invoked command in '/home/container_user/omni_ws/build/omni_base_navigation' returned '0': CMAKE_PREFIX_PATH=/opt/ros/humble /usr/bin/cmake /home/container_user/omni_ws/src/omni_base_navigation -DAMENT_CMAKE_SYMLINK_INSTALL=1 -DCMAKE_INSTALL_PREFIX=/home/container_user/omni_ws/install/omni_base_navigation
[0.361s] Invoking command in '/home/container_user/omni_ws/build/omni_base_navigation': CMAKE_PREFIX_PATH=/opt/ros/humble /usr/bin/cmake --build /home/container_user/omni_ws/build/omni_base_navigation -- -j16 -l16
[0.385s] Invoked command in '/home/container_user/omni_ws/build/omni_base_navigation' returned '0': CMAKE_PREFIX_PATH=/opt/ros/humble /usr/bin/cmake --build /home/container_user/omni_ws/build/omni_base_navigation -- -j16 -l16
[0.391s] Invoking command in '/home/container_user/omni_ws/build/omni_base_navigation': CMAKE_PREFIX_PATH=/opt/ros/humble /usr/bin/cmake --install /home/container_user/omni_ws/build/omni_base_navigation
[0.395s] -- Install configuration: ""
[0.396s] -- Execute custom install script
[0.396s] -- Symlinking: /home/container_user/omni_ws/install/omni_base_navigation/share/ament_index/resource_index/package_run_dependencies/omni_base_navigation
[0.401s] -- Symlinking: /home/container_user/omni_ws/install/omni_base_navigation/share/ament_index/resource_index/parent_prefix_path/omni_base_navigation
[0.406s] -- Symlinking: /home/container_user/omni_ws/install/omni_base_navigation/share/omni_base_navigation/environment/ament_prefix_path.sh
[0.412s] -- Symlinking: /home/container_user/omni_ws/install/omni_base_navigation/share/omni_base_navigation/environment/ament_prefix_path.dsv
[0.416s] -- Symlinking: /home/container_user/omni_ws/install/omni_base_navigation/share/omni_base_navigation/environment/path.sh
[0.423s] -- Symlinking: /home/container_user/omni_ws/install/omni_base_navigation/share/omni_base_navigation/environment/path.dsv
[0.428s] -- Symlinking: /home/container_user/omni_ws/install/omni_base_navigation/share/omni_base_navigation/local_setup.bash
[0.432s] -- Symlinking: /home/container_user/omni_ws/install/omni_base_navigation/share/omni_base_navigation/local_setup.sh
[0.438s] -- Symlinking: /home/container_user/omni_ws/install/omni_base_navigation/share/omni_base_navigation/local_setup.zsh
[0.442s] -- Symlinking: /home/container_user/omni_ws/install/omni_base_navigation/share/omni_base_navigation/local_setup.dsv
[0.448s] -- Symlinking: /home/container_user/omni_ws/install/omni_base_navigation/share/omni_base_navigation/package.dsv
[0.454s] -- Symlinking: /home/container_user/omni_ws/install/omni_base_navigation/share/ament_index/resource_index/packages/omni_base_navigation
[0.458s] -- Symlinking: /home/container_user/omni_ws/install/omni_base_navigation/share/omni_base_navigation/cmake/omni_base_navigationConfig.cmake
[0.464s] -- Symlinking: /home/container_user/omni_ws/install/omni_base_navigation/share/omni_base_navigation/cmake/omni_base_navigationConfig-version.cmake
[0.468s] -- Symlinking: /home/container_user/omni_ws/install/omni_base_navigation/share/omni_base_navigation/package.xml
[0.473s] Invoked command in '/home/container_user/omni_ws/build/omni_base_navigation' returned '0': CMAKE_PREFIX_PATH=/opt/ros/humble /usr/bin/cmake --install /home/container_user/omni_ws/build/omni_base_navigation
