[0.055s] DEBUG:colcon:Command line arguments: ['/usr/bin/colcon', 'build', '--symlink-install']
[0.055s] DEBUG:colcon:Parsed command line arguments: Namespace(log_base=None, log_level=None, verb_name='build', build_base='build', install_base='install', merge_install=False, symlink_install=True, test_result_base=None, continue_on_error=False, executor='parallel', parallel_workers=16, event_handlers=None, ignore_user_meta=False, metas=['./colcon.meta'], base_paths=['.'], packages_ignore=None, packages_ignore_regex=None, paths=None, packages_up_to=None, packages_up_to_regex=None, packages_above=None, packages_above_and_dependencies=None, packages_above_depth=None, packages_select_by_dep=None, packages_skip_by_dep=None, packages_skip_up_to=None, packages_select_build_failed=False, packages_skip_build_finished=False, packages_select_test_failures=False, packages_skip_test_passed=False, packages_select=None, packages_skip=None, packages_select_regex=None, packages_skip_regex=None, packages_start=None, packages_end=None, cmake_args=None, cmake_target=None, cmake_target_skip_unavailable=False, cmake_clean_cache=False, cmake_clean_first=False, cmake_force_configure=False, ament_cmake_args=None, catkin_cmake_args=None, catkin_skip_building_tests=False, mixin_files=None, mixin=None, verb_parser=<colcon_mixin.mixin.mixin_argument.MixinArgumentDecorator object at 0x7e33cf147490>, verb_extension=<colcon_core.verb.build.BuildVerb object at 0x7e33cf146e90>, main=<bound method BuildVerb.main of <colcon_core.verb.build.BuildVerb object at 0x7e33cf146e90>>, mixin_verb=('build',))
[0.123s] Level 1:colcon.colcon_core.package_discovery:discover_packages(colcon_meta) check parameters
[0.123s] Level 1:colcon.colcon_core.package_discovery:discover_packages(recursive) check parameters
[0.123s] Level 1:colcon.colcon_core.package_discovery:discover_packages(ignore) check parameters
[0.123s] Level 1:colcon.colcon_core.package_discovery:discover_packages(path) check parameters
[0.123s] Level 1:colcon.colcon_core.package_discovery:discover_packages(colcon_meta) discover
[0.123s] Level 1:colcon.colcon_core.package_discovery:discover_packages(recursive) discover
[0.123s] INFO:colcon.colcon_core.package_discovery:Crawling recursively for packages in '/home/container_user/omni_ws'
[0.123s] Level 1:colcon.colcon_core.package_identification:_identify(.) by extensions ['ignore', 'ignore_ament_install']
[0.123s] Level 1:colcon.colcon_core.package_identification:_identify(.) by extension 'ignore'
[0.123s] Level 1:colcon.colcon_core.package_identification:_identify(.) by extension 'ignore_ament_install'
[0.123s] Level 1:colcon.colcon_core.package_identification:_identify(.) by extensions ['colcon_pkg']
[0.123s] Level 1:colcon.colcon_core.package_identification:_identify(.) by extension 'colcon_pkg'
[0.123s] Level 1:colcon.colcon_core.package_identification:_identify(.) by extensions ['colcon_meta']
[0.123s] Level 1:colcon.colcon_core.package_identification:_identify(.) by extension 'colcon_meta'
[0.123s] Level 1:colcon.colcon_core.package_identification:_identify(.) by extensions ['ros']
[0.123s] Level 1:colcon.colcon_core.package_identification:_identify(.) by extension 'ros'
[0.130s] Level 1:colcon.colcon_core.package_identification:_identify(.) by extensions ['cmake', 'python']
[0.130s] Level 1:colcon.colcon_core.package_identification:_identify(.) by extension 'cmake'
[0.130s] Level 1:colcon.colcon_core.package_identification:_identify(.) by extension 'python'
[0.130s] Level 1:colcon.colcon_core.package_identification:_identify(.) by extensions ['python_setup_py']
[0.130s] Level 1:colcon.colcon_core.package_identification:_identify(.) by extension 'python_setup_py'
[0.130s] Level 1:colcon.colcon_core.package_identification:_identify(build) by extensions ['ignore', 'ignore_ament_install']
[0.130s] Level 1:colcon.colcon_core.package_identification:_identify(build) by extension 'ignore'
[0.130s] Level 1:colcon.colcon_core.package_identification:_identify(build) ignored
[0.130s] Level 1:colcon.colcon_core.package_identification:_identify(install) by extensions ['ignore', 'ignore_ament_install']
[0.130s] Level 1:colcon.colcon_core.package_identification:_identify(install) by extension 'ignore'
[0.130s] Level 1:colcon.colcon_core.package_identification:_identify(install) ignored
[0.130s] Level 1:colcon.colcon_core.package_identification:_identify(log) by extensions ['ignore', 'ignore_ament_install']
[0.130s] Level 1:colcon.colcon_core.package_identification:_identify(log) by extension 'ignore'
[0.130s] Level 1:colcon.colcon_core.package_identification:_identify(log) ignored
[0.130s] Level 1:colcon.colcon_core.package_identification:_identify(src) by extensions ['ignore', 'ignore_ament_install']
[0.130s] Level 1:colcon.colcon_core.package_identification:_identify(src) by extension 'ignore'
[0.130s] Level 1:colcon.colcon_core.package_identification:_identify(src) by extension 'ignore_ament_install'
[0.130s] Level 1:colcon.colcon_core.package_identification:_identify(src) by extensions ['colcon_pkg']
[0.130s] Level 1:colcon.colcon_core.package_identification:_identify(src) by extension 'colcon_pkg'
[0.130s] Level 1:colcon.colcon_core.package_identification:_identify(src) by extensions ['colcon_meta']
[0.130s] Level 1:colcon.colcon_core.package_identification:_identify(src) by extension 'colcon_meta'
[0.130s] Level 1:colcon.colcon_core.package_identification:_identify(src) by extensions ['ros']
[0.130s] Level 1:colcon.colcon_core.package_identification:_identify(src) by extension 'ros'
[0.131s] Level 1:colcon.colcon_core.package_identification:_identify(src) by extensions ['cmake', 'python']
[0.131s] Level 1:colcon.colcon_core.package_identification:_identify(src) by extension 'cmake'
[0.131s] Level 1:colcon.colcon_core.package_identification:_identify(src) by extension 'python'
[0.131s] Level 1:colcon.colcon_core.package_identification:_identify(src) by extensions ['python_setup_py']
[0.131s] Level 1:colcon.colcon_core.package_identification:_identify(src) by extension 'python_setup_py'
[0.131s] Level 1:colcon.colcon_core.package_identification:_identify(src/omni_base_bringup) by extensions ['ignore', 'ignore_ament_install']
[0.131s] Level 1:colcon.colcon_core.package_identification:_identify(src/omni_base_bringup) by extension 'ignore'
[0.131s] Level 1:colcon.colcon_core.package_identification:_identify(src/omni_base_bringup) by extension 'ignore_ament_install'
[0.131s] Level 1:colcon.colcon_core.package_identification:_identify(src/omni_base_bringup) by extensions ['colcon_pkg']
[0.131s] Level 1:colcon.colcon_core.package_identification:_identify(src/omni_base_bringup) by extension 'colcon_pkg'
[0.131s] Level 1:colcon.colcon_core.package_identification:_identify(src/omni_base_bringup) by extensions ['colcon_meta']
[0.131s] Level 1:colcon.colcon_core.package_identification:_identify(src/omni_base_bringup) by extension 'colcon_meta'
[0.131s] Level 1:colcon.colcon_core.package_identification:_identify(src/omni_base_bringup) by extensions ['ros']
[0.131s] Level 1:colcon.colcon_core.package_identification:_identify(src/omni_base_bringup) by extension 'ros'
[0.132s] DEBUG:colcon.colcon_core.package_identification:Package 'src/omni_base_bringup' with type 'ros.ament_cmake' and name 'omni_base_bringup'
[0.132s] Level 1:colcon.colcon_core.package_identification:_identify(src/omni_base_control) by extensions ['ignore', 'ignore_ament_install']
[0.132s] Level 1:colcon.colcon_core.package_identification:_identify(src/omni_base_control) by extension 'ignore'
[0.132s] Level 1:colcon.colcon_core.package_identification:_identify(src/omni_base_control) by extension 'ignore_ament_install'
[0.132s] Level 1:colcon.colcon_core.package_identification:_identify(src/omni_base_control) by extensions ['colcon_pkg']
[0.132s] Level 1:colcon.colcon_core.package_identification:_identify(src/omni_base_control) by extension 'colcon_pkg'
[0.132s] Level 1:colcon.colcon_core.package_identification:_identify(src/omni_base_control) by extensions ['colcon_meta']
[0.132s] Level 1:colcon.colcon_core.package_identification:_identify(src/omni_base_control) by extension 'colcon_meta'
[0.132s] Level 1:colcon.colcon_core.package_identification:_identify(src/omni_base_control) by extensions ['ros']
[0.132s] Level 1:colcon.colcon_core.package_identification:_identify(src/omni_base_control) by extension 'ros'
[0.133s] DEBUG:colcon.colcon_core.package_identification:Package 'src/omni_base_control' with type 'ros.ament_cmake' and name 'omni_base_control'
[0.133s] Level 1:colcon.colcon_core.package_identification:_identify(src/omni_base_description) by extensions ['ignore', 'ignore_ament_install']
[0.133s] Level 1:colcon.colcon_core.package_identification:_identify(src/omni_base_description) by extension 'ignore'
[0.133s] Level 1:colcon.colcon_core.package_identification:_identify(src/omni_base_description) by extension 'ignore_ament_install'
[0.133s] Level 1:colcon.colcon_core.package_identification:_identify(src/omni_base_description) by extensions ['colcon_pkg']
[0.133s] Level 1:colcon.colcon_core.package_identification:_identify(src/omni_base_description) by extension 'colcon_pkg'
[0.133s] Level 1:colcon.colcon_core.package_identification:_identify(src/omni_base_description) by extensions ['colcon_meta']
[0.133s] Level 1:colcon.colcon_core.package_identification:_identify(src/omni_base_description) by extension 'colcon_meta'
[0.133s] Level 1:colcon.colcon_core.package_identification:_identify(src/omni_base_description) by extensions ['ros']
[0.133s] Level 1:colcon.colcon_core.package_identification:_identify(src/omni_base_description) by extension 'ros'
[0.133s] DEBUG:colcon.colcon_core.package_identification:Package 'src/omni_base_description' with type 'ros.ament_cmake' and name 'omni_base_description'
[0.133s] Level 1:colcon.colcon_core.package_identification:_identify(src/omni_base_navigation) by extensions ['ignore', 'ignore_ament_install']
[0.133s] Level 1:colcon.colcon_core.package_identification:_identify(src/omni_base_navigation) by extension 'ignore'
[0.133s] Level 1:colcon.colcon_core.package_identification:_identify(src/omni_base_navigation) by extension 'ignore_ament_install'
[0.133s] Level 1:colcon.colcon_core.package_identification:_identify(src/omni_base_navigation) by extensions ['colcon_pkg']
[0.133s] Level 1:colcon.colcon_core.package_identification:_identify(src/omni_base_navigation) by extension 'colcon_pkg'
[0.133s] Level 1:colcon.colcon_core.package_identification:_identify(src/omni_base_navigation) by extensions ['colcon_meta']
[0.133s] Level 1:colcon.colcon_core.package_identification:_identify(src/omni_base_navigation) by extension 'colcon_meta'
[0.133s] Level 1:colcon.colcon_core.package_identification:_identify(src/omni_base_navigation) by extensions ['ros']
[0.133s] Level 1:colcon.colcon_core.package_identification:_identify(src/omni_base_navigation) by extension 'ros'
[0.133s] DEBUG:colcon.colcon_core.package_identification:Package 'src/omni_base_navigation' with type 'ros.ament_cmake' and name 'omni_base_navigation'
[0.133s] Level 1:colcon.colcon_core.package_discovery:discover_packages(recursive) using defaults
[0.133s] Level 1:colcon.colcon_core.package_discovery:discover_packages(ignore) discover
[0.134s] Level 1:colcon.colcon_core.package_discovery:discover_packages(ignore) using defaults
[0.134s] Level 1:colcon.colcon_core.package_discovery:discover_packages(path) discover
[0.134s] Level 1:colcon.colcon_core.package_discovery:discover_packages(path) using defaults
[0.144s] Level 5:colcon.colcon_core.verb:set package 'omni_base_control' build argument 'cmake_args' from command line to 'None'
[0.144s] Level 5:colcon.colcon_core.verb:set package 'omni_base_control' build argument 'cmake_target' from command line to 'None'
[0.144s] Level 5:colcon.colcon_core.verb:set package 'omni_base_control' build argument 'cmake_target_skip_unavailable' from command line to 'False'
[0.144s] Level 5:colcon.colcon_core.verb:set package 'omni_base_control' build argument 'cmake_clean_cache' from command line to 'False'
[0.144s] Level 5:colcon.colcon_core.verb:set package 'omni_base_control' build argument 'cmake_clean_first' from command line to 'False'
[0.144s] Level 5:colcon.colcon_core.verb:set package 'omni_base_control' build argument 'cmake_force_configure' from command line to 'False'
[0.144s] Level 5:colcon.colcon_core.verb:set package 'omni_base_control' build argument 'ament_cmake_args' from command line to 'None'
[0.144s] Level 5:colcon.colcon_core.verb:set package 'omni_base_control' build argument 'catkin_cmake_args' from command line to 'None'
[0.144s] Level 5:colcon.colcon_core.verb:set package 'omni_base_control' build argument 'catkin_skip_building_tests' from command line to 'False'
[0.144s] DEBUG:colcon.colcon_core.verb:Building package 'omni_base_control' with the following arguments: {'ament_cmake_args': None, 'build_base': '/home/container_user/omni_ws/build/omni_base_control', 'catkin_cmake_args': None, 'catkin_skip_building_tests': False, 'cmake_args': None, 'cmake_clean_cache': False, 'cmake_clean_first': False, 'cmake_force_configure': False, 'cmake_target': None, 'cmake_target_skip_unavailable': False, 'install_base': '/home/container_user/omni_ws/install/omni_base_control', 'merge_install': False, 'path': '/home/container_user/omni_ws/src/omni_base_control', 'symlink_install': True, 'test_result_base': None}
[0.144s] Level 5:colcon.colcon_core.verb:set package 'omni_base_description' build argument 'cmake_args' from command line to 'None'
[0.145s] Level 5:colcon.colcon_core.verb:set package 'omni_base_description' build argument 'cmake_target' from command line to 'None'
[0.145s] Level 5:colcon.colcon_core.verb:set package 'omni_base_description' build argument 'cmake_target_skip_unavailable' from command line to 'False'
[0.145s] Level 5:colcon.colcon_core.verb:set package 'omni_base_description' build argument 'cmake_clean_cache' from command line to 'False'
[0.145s] Level 5:colcon.colcon_core.verb:set package 'omni_base_description' build argument 'cmake_clean_first' from command line to 'False'
[0.145s] Level 5:colcon.colcon_core.verb:set package 'omni_base_description' build argument 'cmake_force_configure' from command line to 'False'
[0.145s] Level 5:colcon.colcon_core.verb:set package 'omni_base_description' build argument 'ament_cmake_args' from command line to 'None'
[0.145s] Level 5:colcon.colcon_core.verb:set package 'omni_base_description' build argument 'catkin_cmake_args' from command line to 'None'
[0.145s] Level 5:colcon.colcon_core.verb:set package 'omni_base_description' build argument 'catkin_skip_building_tests' from command line to 'False'
[0.145s] DEBUG:colcon.colcon_core.verb:Building package 'omni_base_description' with the following arguments: {'ament_cmake_args': None, 'build_base': '/home/container_user/omni_ws/build/omni_base_description', 'catkin_cmake_args': None, 'catkin_skip_building_tests': False, 'cmake_args': None, 'cmake_clean_cache': False, 'cmake_clean_first': False, 'cmake_force_configure': False, 'cmake_target': None, 'cmake_target_skip_unavailable': False, 'install_base': '/home/container_user/omni_ws/install/omni_base_description', 'merge_install': False, 'path': '/home/container_user/omni_ws/src/omni_base_description', 'symlink_install': True, 'test_result_base': None}
[0.145s] Level 5:colcon.colcon_core.verb:set package 'omni_base_navigation' build argument 'cmake_args' from command line to 'None'
[0.145s] Level 5:colcon.colcon_core.verb:set package 'omni_base_navigation' build argument 'cmake_target' from command line to 'None'
[0.145s] Level 5:colcon.colcon_core.verb:set package 'omni_base_navigation' build argument 'cmake_target_skip_unavailable' from command line to 'False'
[0.145s] Level 5:colcon.colcon_core.verb:set package 'omni_base_navigation' build argument 'cmake_clean_cache' from command line to 'False'
[0.145s] Level 5:colcon.colcon_core.verb:set package 'omni_base_navigation' build argument 'cmake_clean_first' from command line to 'False'
[0.145s] Level 5:colcon.colcon_core.verb:set package 'omni_base_navigation' build argument 'cmake_force_configure' from command line to 'False'
[0.145s] Level 5:colcon.colcon_core.verb:set package 'omni_base_navigation' build argument 'ament_cmake_args' from command line to 'None'
[0.145s] Level 5:colcon.colcon_core.verb:set package 'omni_base_navigation' build argument 'catkin_cmake_args' from command line to 'None'
[0.145s] Level 5:colcon.colcon_core.verb:set package 'omni_base_navigation' build argument 'catkin_skip_building_tests' from command line to 'False'
[0.145s] DEBUG:colcon.colcon_core.verb:Building package 'omni_base_navigation' with the following arguments: {'ament_cmake_args': None, 'build_base': '/home/container_user/omni_ws/build/omni_base_navigation', 'catkin_cmake_args': None, 'catkin_skip_building_tests': False, 'cmake_args': None, 'cmake_clean_cache': False, 'cmake_clean_first': False, 'cmake_force_configure': False, 'cmake_target': None, 'cmake_target_skip_unavailable': False, 'install_base': '/home/container_user/omni_ws/install/omni_base_navigation', 'merge_install': False, 'path': '/home/container_user/omni_ws/src/omni_base_navigation', 'symlink_install': True, 'test_result_base': None}
[0.145s] Level 5:colcon.colcon_core.verb:set package 'omni_base_bringup' build argument 'cmake_args' from command line to 'None'
[0.145s] Level 5:colcon.colcon_core.verb:set package 'omni_base_bringup' build argument 'cmake_target' from command line to 'None'
[0.145s] Level 5:colcon.colcon_core.verb:set package 'omni_base_bringup' build argument 'cmake_target_skip_unavailable' from command line to 'False'
[0.145s] Level 5:colcon.colcon_core.verb:set package 'omni_base_bringup' build argument 'cmake_clean_cache' from command line to 'False'
[0.145s] Level 5:colcon.colcon_core.verb:set package 'omni_base_bringup' build argument 'cmake_clean_first' from command line to 'False'
[0.145s] Level 5:colcon.colcon_core.verb:set package 'omni_base_bringup' build argument 'cmake_force_configure' from command line to 'False'
[0.145s] Level 5:colcon.colcon_core.verb:set package 'omni_base_bringup' build argument 'ament_cmake_args' from command line to 'None'
[0.145s] Level 5:colcon.colcon_core.verb:set package 'omni_base_bringup' build argument 'catkin_cmake_args' from command line to 'None'
[0.145s] Level 5:colcon.colcon_core.verb:set package 'omni_base_bringup' build argument 'catkin_skip_building_tests' from command line to 'False'
[0.145s] DEBUG:colcon.colcon_core.verb:Building package 'omni_base_bringup' with the following arguments: {'ament_cmake_args': None, 'build_base': '/home/container_user/omni_ws/build/omni_base_bringup', 'catkin_cmake_args': None, 'catkin_skip_building_tests': False, 'cmake_args': None, 'cmake_clean_cache': False, 'cmake_clean_first': False, 'cmake_force_configure': False, 'cmake_target': None, 'cmake_target_skip_unavailable': False, 'install_base': '/home/container_user/omni_ws/install/omni_base_bringup', 'merge_install': False, 'path': '/home/container_user/omni_ws/src/omni_base_bringup', 'symlink_install': True, 'test_result_base': None}
[0.145s] INFO:colcon.colcon_core.executor:Executing jobs using 'parallel' executor
[0.146s] DEBUG:colcon.colcon_parallel_executor.executor.parallel:run_until_complete
[0.146s] INFO:colcon.colcon_ros.task.ament_cmake.build:Building ROS package in '/home/container_user/omni_ws/src/omni_base_description' with build type 'ament_cmake'
[0.146s] INFO:colcon.colcon_cmake.task.cmake.build:Building CMake package in '/home/container_user/omni_ws/src/omni_base_description'
[0.147s] INFO:colcon.colcon_core.plugin_system:Skipping extension 'colcon_core.shell.bat': Not used on non-Windows systems
[0.147s] INFO:colcon.colcon_core.shell:Skip shell extension 'powershell' for command environment: Not usable outside of PowerShell
[0.147s] DEBUG:colcon.colcon_core.shell:Skip shell extension 'dsv' for command environment
[0.150s] INFO:colcon.colcon_ros.task.ament_cmake.build:Building ROS package in '/home/container_user/omni_ws/src/omni_base_control' with build type 'ament_cmake'
[0.150s] INFO:colcon.colcon_cmake.task.cmake.build:Building CMake package in '/home/container_user/omni_ws/src/omni_base_control'
[0.150s] INFO:colcon.colcon_core.shell:Skip shell extension 'powershell' for command environment: Not usable outside of PowerShell
[0.150s] DEBUG:colcon.colcon_core.shell:Skip shell extension 'dsv' for command environment
[0.151s] INFO:colcon.colcon_ros.task.ament_cmake.build:Building ROS package in '/home/container_user/omni_ws/src/omni_base_navigation' with build type 'ament_cmake'
[0.151s] INFO:colcon.colcon_cmake.task.cmake.build:Building CMake package in '/home/container_user/omni_ws/src/omni_base_navigation'
[0.151s] INFO:colcon.colcon_core.shell:Skip shell extension 'powershell' for command environment: Not usable outside of PowerShell
[0.151s] DEBUG:colcon.colcon_core.shell:Skip shell extension 'dsv' for command environment
[0.156s] DEBUG:colcon.colcon_core.event_handler.log_command:Invoking command in '/home/container_user/omni_ws/build/omni_base_description': CMAKE_PREFIX_PATH=/opt/ros/humble /usr/bin/cmake /home/container_user/omni_ws/src/omni_base_description -DAMENT_CMAKE_SYMLINK_INSTALL=1 -DCMAKE_INSTALL_PREFIX=/home/container_user/omni_ws/install/omni_base_description
[0.157s] DEBUG:colcon.colcon_core.event_handler.log_command:Invoking command in '/home/container_user/omni_ws/build/omni_base_control': CMAKE_PREFIX_PATH=/opt/ros/humble /usr/bin/cmake /home/container_user/omni_ws/src/omni_base_control -DAMENT_CMAKE_SYMLINK_INSTALL=1 -DCMAKE_INSTALL_PREFIX=/home/container_user/omni_ws/install/omni_base_control
[0.159s] DEBUG:colcon.colcon_core.event_handler.log_command:Invoking command in '/home/container_user/omni_ws/build/omni_base_navigation': CMAKE_PREFIX_PATH=/opt/ros/humble /usr/bin/cmake /home/container_user/omni_ws/src/omni_base_navigation -DAMENT_CMAKE_SYMLINK_INSTALL=1 -DCMAKE_INSTALL_PREFIX=/home/container_user/omni_ws/install/omni_base_navigation
[0.511s] DEBUG:colcon.colcon_core.event_handler.log_command:Invoked command in '/home/container_user/omni_ws/build/omni_base_navigation' returned '0': CMAKE_PREFIX_PATH=/opt/ros/humble /usr/bin/cmake /home/container_user/omni_ws/src/omni_base_navigation -DAMENT_CMAKE_SYMLINK_INSTALL=1 -DCMAKE_INSTALL_PREFIX=/home/container_user/omni_ws/install/omni_base_navigation
[0.513s] DEBUG:colcon.colcon_core.event_handler.log_command:Invoking command in '/home/container_user/omni_ws/build/omni_base_navigation': CMAKE_PREFIX_PATH=/opt/ros/humble /usr/bin/cmake --build /home/container_user/omni_ws/build/omni_base_navigation -- -j16 -l16
[0.524s] DEBUG:colcon.colcon_core.event_handler.log_command:Invoked command in '/home/container_user/omni_ws/build/omni_base_description' returned '0': CMAKE_PREFIX_PATH=/opt/ros/humble /usr/bin/cmake /home/container_user/omni_ws/src/omni_base_description -DAMENT_CMAKE_SYMLINK_INSTALL=1 -DCMAKE_INSTALL_PREFIX=/home/container_user/omni_ws/install/omni_base_description
[0.525s] DEBUG:colcon.colcon_core.event_handler.log_command:Invoking command in '/home/container_user/omni_ws/build/omni_base_description': CMAKE_PREFIX_PATH=/opt/ros/humble /usr/bin/cmake --build /home/container_user/omni_ws/build/omni_base_description -- -j16 -l16
[0.526s] DEBUG:colcon.colcon_core.event_handler.log_command:Invoked command in '/home/container_user/omni_ws/build/omni_base_control' returned '0': CMAKE_PREFIX_PATH=/opt/ros/humble /usr/bin/cmake /home/container_user/omni_ws/src/omni_base_control -DAMENT_CMAKE_SYMLINK_INSTALL=1 -DCMAKE_INSTALL_PREFIX=/home/container_user/omni_ws/install/omni_base_control
[0.527s] DEBUG:colcon.colcon_core.event_handler.log_command:Invoking command in '/home/container_user/omni_ws/build/omni_base_control': CMAKE_PREFIX_PATH=/opt/ros/humble /usr/bin/cmake --build /home/container_user/omni_ws/build/omni_base_control -- -j16 -l16
[0.537s] DEBUG:colcon.colcon_core.event_handler.log_command:Invoked command in '/home/container_user/omni_ws/build/omni_base_navigation' returned '0': CMAKE_PREFIX_PATH=/opt/ros/humble /usr/bin/cmake --build /home/container_user/omni_ws/build/omni_base_navigation -- -j16 -l16
[0.542s] DEBUG:colcon.colcon_core.event_handler.log_command:Invoking command in '/home/container_user/omni_ws/build/omni_base_navigation': CMAKE_PREFIX_PATH=/opt/ros/humble /usr/bin/cmake --install /home/container_user/omni_ws/build/omni_base_navigation
[0.548s] DEBUG:colcon.colcon_core.event_handler.log_command:Invoked command in '/home/container_user/omni_ws/build/omni_base_description' returned '0': CMAKE_PREFIX_PATH=/opt/ros/humble /usr/bin/cmake --build /home/container_user/omni_ws/build/omni_base_description -- -j16 -l16
[0.549s] DEBUG:colcon.colcon_core.event_handler.log_command:Invoking command in '/home/container_user/omni_ws/build/omni_base_description': CMAKE_PREFIX_PATH=/opt/ros/humble /usr/bin/cmake --install /home/container_user/omni_ws/build/omni_base_description
[0.549s] DEBUG:colcon.colcon_core.event_handler.log_command:Invoked command in '/home/container_user/omni_ws/build/omni_base_control' returned '0': CMAKE_PREFIX_PATH=/opt/ros/humble /usr/bin/cmake --build /home/container_user/omni_ws/build/omni_base_control -- -j16 -l16
[0.549s] DEBUG:colcon.colcon_core.event_handler.log_command:Invoking command in '/home/container_user/omni_ws/build/omni_base_control': CMAKE_PREFIX_PATH=/opt/ros/humble /usr/bin/cmake --install /home/container_user/omni_ws/build/omni_base_control
[0.625s] Level 1:colcon.colcon_core.environment:create_environment_scripts_only(omni_base_navigation)
[0.625s] DEBUG:colcon.colcon_core.event_handler.log_command:Invoked command in '/home/container_user/omni_ws/build/omni_base_navigation' returned '0': CMAKE_PREFIX_PATH=/opt/ros/humble /usr/bin/cmake --install /home/container_user/omni_ws/build/omni_base_navigation
[0.626s] Level 1:colcon.colcon_core.environment:checking '/home/container_user/omni_ws/install/omni_base_navigation' for CMake module files
[0.626s] Level 1:colcon.colcon_core.environment:checking '/home/container_user/omni_ws/install/omni_base_navigation' for CMake config files
[0.626s] Level 1:colcon.colcon_core.shell:create_environment_hook('omni_base_navigation', 'cmake_prefix_path')
[0.626s] INFO:colcon.colcon_core.shell:Creating environment hook '/home/container_user/omni_ws/install/omni_base_navigation/share/omni_base_navigation/hook/cmake_prefix_path.ps1'
[0.627s] INFO:colcon.colcon_core.shell:Creating environment descriptor '/home/container_user/omni_ws/install/omni_base_navigation/share/omni_base_navigation/hook/cmake_prefix_path.dsv'
[0.627s] INFO:colcon.colcon_core.shell:Creating environment hook '/home/container_user/omni_ws/install/omni_base_navigation/share/omni_base_navigation/hook/cmake_prefix_path.sh'
[0.628s] Level 1:colcon.colcon_core.environment:checking '/home/container_user/omni_ws/install/omni_base_navigation/bin'
[0.628s] Level 1:colcon.colcon_core.environment:checking '/home/container_user/omni_ws/install/omni_base_navigation/lib/pkgconfig/omni_base_navigation.pc'
[0.629s] Level 1:colcon.colcon_core.environment:checking '/home/container_user/omni_ws/install/omni_base_navigation/lib/python3.10/site-packages'
[0.629s] Level 1:colcon.colcon_core.environment:checking '/home/container_user/omni_ws/install/omni_base_navigation/bin'
[0.629s] INFO:colcon.colcon_core.shell:Creating package script '/home/container_user/omni_ws/install/omni_base_navigation/share/omni_base_navigation/package.ps1'
[0.630s] INFO:colcon.colcon_core.shell:Creating package descriptor '/home/container_user/omni_ws/install/omni_base_navigation/share/omni_base_navigation/package.dsv'
[0.630s] INFO:colcon.colcon_core.shell:Creating package script '/home/container_user/omni_ws/install/omni_base_navigation/share/omni_base_navigation/package.sh'
[0.630s] INFO:colcon.colcon_core.shell:Creating package script '/home/container_user/omni_ws/install/omni_base_navigation/share/omni_base_navigation/package.bash'
[0.637s] INFO:colcon.colcon_core.shell:Creating package script '/home/container_user/omni_ws/install/omni_base_navigation/share/omni_base_navigation/package.zsh'
[0.638s] Level 1:colcon.colcon_core.environment:create_file_with_runtime_dependencies(/home/container_user/omni_ws/install/omni_base_navigation/share/colcon-core/packages/omni_base_navigation)
[0.638s] Level 1:colcon.colcon_core.environment:create_environment_scripts_only(omni_base_navigation)
[0.638s] Level 1:colcon.colcon_core.environment:checking '/home/container_user/omni_ws/install/omni_base_navigation' for CMake module files
[0.638s] Level 1:colcon.colcon_core.environment:checking '/home/container_user/omni_ws/install/omni_base_navigation' for CMake config files
[0.638s] Level 1:colcon.colcon_core.shell:create_environment_hook('omni_base_navigation', 'cmake_prefix_path')
[0.639s] INFO:colcon.colcon_core.shell:Creating environment hook '/home/container_user/omni_ws/install/omni_base_navigation/share/omni_base_navigation/hook/cmake_prefix_path.ps1'
[0.639s] INFO:colcon.colcon_core.shell:Creating environment descriptor '/home/container_user/omni_ws/install/omni_base_navigation/share/omni_base_navigation/hook/cmake_prefix_path.dsv'
[0.639s] INFO:colcon.colcon_core.shell:Creating environment hook '/home/container_user/omni_ws/install/omni_base_navigation/share/omni_base_navigation/hook/cmake_prefix_path.sh'
[0.639s] Level 1:colcon.colcon_core.environment:checking '/home/container_user/omni_ws/install/omni_base_navigation/bin'
[0.639s] Level 1:colcon.colcon_core.environment:checking '/home/container_user/omni_ws/install/omni_base_navigation/lib/pkgconfig/omni_base_navigation.pc'
[0.639s] Level 1:colcon.colcon_core.environment:checking '/home/container_user/omni_ws/install/omni_base_navigation/lib/python3.10/site-packages'
[0.639s] Level 1:colcon.colcon_core.environment:checking '/home/container_user/omni_ws/install/omni_base_navigation/bin'
[0.640s] INFO:colcon.colcon_core.shell:Creating package script '/home/container_user/omni_ws/install/omni_base_navigation/share/omni_base_navigation/package.ps1'
[0.640s] INFO:colcon.colcon_core.shell:Creating package descriptor '/home/container_user/omni_ws/install/omni_base_navigation/share/omni_base_navigation/package.dsv'
[0.640s] INFO:colcon.colcon_core.shell:Creating package script '/home/container_user/omni_ws/install/omni_base_navigation/share/omni_base_navigation/package.sh'
[0.640s] INFO:colcon.colcon_core.shell:Creating package script '/home/container_user/omni_ws/install/omni_base_navigation/share/omni_base_navigation/package.bash'
[0.641s] INFO:colcon.colcon_core.shell:Creating package script '/home/container_user/omni_ws/install/omni_base_navigation/share/omni_base_navigation/package.zsh'
[0.641s] Level 1:colcon.colcon_core.environment:create_file_with_runtime_dependencies(/home/container_user/omni_ws/install/omni_base_navigation/share/colcon-core/packages/omni_base_navigation)
[0.641s] Level 1:colcon.colcon_core.environment:create_environment_scripts_only(omni_base_control)
[0.642s] Level 1:colcon.colcon_core.environment:checking '/home/container_user/omni_ws/install/omni_base_control' for CMake module files
[0.642s] DEBUG:colcon.colcon_core.event_handler.log_command:Invoked command in '/home/container_user/omni_ws/build/omni_base_control' returned '0': CMAKE_PREFIX_PATH=/opt/ros/humble /usr/bin/cmake --install /home/container_user/omni_ws/build/omni_base_control
[0.642s] Level 1:colcon.colcon_core.environment:checking '/home/container_user/omni_ws/install/omni_base_control' for CMake config files
[0.642s] Level 1:colcon.colcon_core.shell:create_environment_hook('omni_base_control', 'cmake_prefix_path')
[0.642s] INFO:colcon.colcon_core.shell:Creating environment hook '/home/container_user/omni_ws/install/omni_base_control/share/omni_base_control/hook/cmake_prefix_path.ps1'
[0.642s] INFO:colcon.colcon_core.shell:Creating environment descriptor '/home/container_user/omni_ws/install/omni_base_control/share/omni_base_control/hook/cmake_prefix_path.dsv'
[0.642s] INFO:colcon.colcon_core.shell:Creating environment hook '/home/container_user/omni_ws/install/omni_base_control/share/omni_base_control/hook/cmake_prefix_path.sh'
[0.643s] Level 1:colcon.colcon_core.environment:checking '/home/container_user/omni_ws/install/omni_base_control/bin'
[0.643s] Level 1:colcon.colcon_core.environment:checking '/home/container_user/omni_ws/install/omni_base_control/lib/pkgconfig/omni_base_control.pc'
[0.643s] Level 1:colcon.colcon_core.environment:checking '/home/container_user/omni_ws/install/omni_base_control/lib/python3.10/site-packages'
[0.643s] Level 1:colcon.colcon_core.environment:checking '/home/container_user/omni_ws/install/omni_base_control/bin'
[0.643s] INFO:colcon.colcon_core.shell:Creating package script '/home/container_user/omni_ws/install/omni_base_control/share/omni_base_control/package.ps1'
[0.643s] INFO:colcon.colcon_core.shell:Creating package descriptor '/home/container_user/omni_ws/install/omni_base_control/share/omni_base_control/package.dsv'
[0.644s] INFO:colcon.colcon_core.shell:Creating package script '/home/container_user/omni_ws/install/omni_base_control/share/omni_base_control/package.sh'
[0.644s] INFO:colcon.colcon_core.shell:Creating package script '/home/container_user/omni_ws/install/omni_base_control/share/omni_base_control/package.bash'
[0.644s] INFO:colcon.colcon_core.shell:Creating package script '/home/container_user/omni_ws/install/omni_base_control/share/omni_base_control/package.zsh'
[0.644s] Level 1:colcon.colcon_core.environment:create_file_with_runtime_dependencies(/home/container_user/omni_ws/install/omni_base_control/share/colcon-core/packages/omni_base_control)
[0.644s] Level 1:colcon.colcon_core.environment:create_environment_scripts_only(omni_base_control)
[0.644s] Level 1:colcon.colcon_core.environment:checking '/home/container_user/omni_ws/install/omni_base_control' for CMake module files
[0.645s] Level 1:colcon.colcon_core.environment:checking '/home/container_user/omni_ws/install/omni_base_control' for CMake config files
[0.645s] Level 1:colcon.colcon_core.shell:create_environment_hook('omni_base_control', 'cmake_prefix_path')
[0.645s] INFO:colcon.colcon_core.shell:Creating environment hook '/home/container_user/omni_ws/install/omni_base_control/share/omni_base_control/hook/cmake_prefix_path.ps1'
[0.645s] INFO:colcon.colcon_core.shell:Creating environment descriptor '/home/container_user/omni_ws/install/omni_base_control/share/omni_base_control/hook/cmake_prefix_path.dsv'
[0.645s] INFO:colcon.colcon_core.shell:Creating environment hook '/home/container_user/omni_ws/install/omni_base_control/share/omni_base_control/hook/cmake_prefix_path.sh'
[0.646s] Level 1:colcon.colcon_core.environment:checking '/home/container_user/omni_ws/install/omni_base_control/bin'
[0.646s] Level 1:colcon.colcon_core.environment:checking '/home/container_user/omni_ws/install/omni_base_control/lib/pkgconfig/omni_base_control.pc'
[0.646s] Level 1:colcon.colcon_core.environment:checking '/home/container_user/omni_ws/install/omni_base_control/lib/python3.10/site-packages'
[0.646s] Level 1:colcon.colcon_core.environment:checking '/home/container_user/omni_ws/install/omni_base_control/bin'
[0.646s] INFO:colcon.colcon_core.shell:Creating package script '/home/container_user/omni_ws/install/omni_base_control/share/omni_base_control/package.ps1'
[0.646s] INFO:colcon.colcon_core.shell:Creating package descriptor '/home/container_user/omni_ws/install/omni_base_control/share/omni_base_control/package.dsv'
[0.646s] INFO:colcon.colcon_core.shell:Creating package script '/home/container_user/omni_ws/install/omni_base_control/share/omni_base_control/package.sh'
[0.647s] INFO:colcon.colcon_core.shell:Creating package script '/home/container_user/omni_ws/install/omni_base_control/share/omni_base_control/package.bash'
[0.647s] INFO:colcon.colcon_core.shell:Creating package script '/home/container_user/omni_ws/install/omni_base_control/share/omni_base_control/package.zsh'
[0.647s] Level 1:colcon.colcon_core.environment:create_file_with_runtime_dependencies(/home/container_user/omni_ws/install/omni_base_control/share/colcon-core/packages/omni_base_control)
[0.647s] Level 1:colcon.colcon_core.environment:create_environment_scripts_only(omni_base_description)
[0.647s] Level 1:colcon.colcon_core.environment:checking '/home/container_user/omni_ws/install/omni_base_description' for CMake module files
[0.648s] DEBUG:colcon.colcon_core.event_handler.log_command:Invoked command in '/home/container_user/omni_ws/build/omni_base_description' returned '0': CMAKE_PREFIX_PATH=/opt/ros/humble /usr/bin/cmake --install /home/container_user/omni_ws/build/omni_base_description
[0.648s] Level 1:colcon.colcon_core.environment:checking '/home/container_user/omni_ws/install/omni_base_description' for CMake config files
[0.648s] Level 1:colcon.colcon_core.shell:create_environment_hook('omni_base_description', 'cmake_prefix_path')
[0.648s] INFO:colcon.colcon_core.shell:Creating environment hook '/home/container_user/omni_ws/install/omni_base_description/share/omni_base_description/hook/cmake_prefix_path.ps1'
[0.648s] INFO:colcon.colcon_core.shell:Creating environment descriptor '/home/container_user/omni_ws/install/omni_base_description/share/omni_base_description/hook/cmake_prefix_path.dsv'
[0.648s] INFO:colcon.colcon_core.shell:Creating environment hook '/home/container_user/omni_ws/install/omni_base_description/share/omni_base_description/hook/cmake_prefix_path.sh'
[0.649s] Level 1:colcon.colcon_core.environment:checking '/home/container_user/omni_ws/install/omni_base_description/bin'
[0.649s] Level 1:colcon.colcon_core.environment:checking '/home/container_user/omni_ws/install/omni_base_description/lib/pkgconfig/omni_base_description.pc'
[0.649s] Level 1:colcon.colcon_core.environment:checking '/home/container_user/omni_ws/install/omni_base_description/lib/python3.10/site-packages'
[0.649s] Level 1:colcon.colcon_core.environment:checking '/home/container_user/omni_ws/install/omni_base_description/bin'
[0.649s] INFO:colcon.colcon_core.shell:Creating package script '/home/container_user/omni_ws/install/omni_base_description/share/omni_base_description/package.ps1'
[0.649s] INFO:colcon.colcon_core.shell:Creating package descriptor '/home/container_user/omni_ws/install/omni_base_description/share/omni_base_description/package.dsv'
[0.649s] INFO:colcon.colcon_core.shell:Creating package script '/home/container_user/omni_ws/install/omni_base_description/share/omni_base_description/package.sh'
[0.650s] INFO:colcon.colcon_core.shell:Creating package script '/home/container_user/omni_ws/install/omni_base_description/share/omni_base_description/package.bash'
[0.650s] INFO:colcon.colcon_core.shell:Creating package script '/home/container_user/omni_ws/install/omni_base_description/share/omni_base_description/package.zsh'
[0.650s] Level 1:colcon.colcon_core.environment:create_file_with_runtime_dependencies(/home/container_user/omni_ws/install/omni_base_description/share/colcon-core/packages/omni_base_description)
[0.650s] Level 1:colcon.colcon_core.environment:create_environment_scripts_only(omni_base_description)
[0.650s] Level 1:colcon.colcon_core.environment:checking '/home/container_user/omni_ws/install/omni_base_description' for CMake module files
[0.650s] Level 1:colcon.colcon_core.environment:checking '/home/container_user/omni_ws/install/omni_base_description' for CMake config files
[0.651s] Level 1:colcon.colcon_core.shell:create_environment_hook('omni_base_description', 'cmake_prefix_path')
[0.651s] INFO:colcon.colcon_core.shell:Creating environment hook '/home/container_user/omni_ws/install/omni_base_description/share/omni_base_description/hook/cmake_prefix_path.ps1'
[0.651s] INFO:colcon.colcon_core.shell:Creating environment descriptor '/home/container_user/omni_ws/install/omni_base_description/share/omni_base_description/hook/cmake_prefix_path.dsv'
[0.651s] INFO:colcon.colcon_core.shell:Creating environment hook '/home/container_user/omni_ws/install/omni_base_description/share/omni_base_description/hook/cmake_prefix_path.sh'
[0.651s] Level 1:colcon.colcon_core.environment:checking '/home/container_user/omni_ws/install/omni_base_description/bin'
[0.651s] Level 1:colcon.colcon_core.environment:checking '/home/container_user/omni_ws/install/omni_base_description/lib/pkgconfig/omni_base_description.pc'
[0.652s] Level 1:colcon.colcon_core.environment:checking '/home/container_user/omni_ws/install/omni_base_description/lib/python3.10/site-packages'
[0.652s] Level 1:colcon.colcon_core.environment:checking '/home/container_user/omni_ws/install/omni_base_description/bin'
[0.652s] INFO:colcon.colcon_core.shell:Creating package script '/home/container_user/omni_ws/install/omni_base_description/share/omni_base_description/package.ps1'
[0.652s] INFO:colcon.colcon_core.shell:Creating package descriptor '/home/container_user/omni_ws/install/omni_base_description/share/omni_base_description/package.dsv'
[0.652s] INFO:colcon.colcon_core.shell:Creating package script '/home/container_user/omni_ws/install/omni_base_description/share/omni_base_description/package.sh'
[0.652s] INFO:colcon.colcon_core.shell:Creating package script '/home/container_user/omni_ws/install/omni_base_description/share/omni_base_description/package.bash'
[0.653s] INFO:colcon.colcon_core.shell:Creating package script '/home/container_user/omni_ws/install/omni_base_description/share/omni_base_description/package.zsh'
[0.653s] Level 1:colcon.colcon_core.environment:create_file_with_runtime_dependencies(/home/container_user/omni_ws/install/omni_base_description/share/colcon-core/packages/omni_base_description)
[0.653s] INFO:colcon.colcon_ros.task.ament_cmake.build:Building ROS package in '/home/container_user/omni_ws/src/omni_base_bringup' with build type 'ament_cmake'
[0.653s] INFO:colcon.colcon_cmake.task.cmake.build:Building CMake package in '/home/container_user/omni_ws/src/omni_base_bringup'
[0.653s] INFO:colcon.colcon_core.shell:Skip shell extension 'powershell' for command environment: Not usable outside of PowerShell
[0.653s] DEBUG:colcon.colcon_core.shell:Skip shell extension 'dsv' for command environment
[0.659s] DEBUG:colcon.colcon_core.event_handler.log_command:Invoking command in '/home/container_user/omni_ws/build/omni_base_bringup': AMENT_PREFIX_PATH=/home/container_user/omni_ws/install/omni_base_description:${AMENT_PREFIX_PATH} CMAKE_PREFIX_PATH=/home/container_user/omni_ws/install/omni_base_description:/opt/ros/humble /usr/bin/cmake /home/container_user/omni_ws/src/omni_base_bringup -DAMENT_CMAKE_SYMLINK_INSTALL=1 -DCMAKE_INSTALL_PREFIX=/home/container_user/omni_ws/install/omni_base_bringup
[1.021s] DEBUG:colcon.colcon_core.event_handler.log_command:Invoked command in '/home/container_user/omni_ws/build/omni_base_bringup' returned '0': AMENT_PREFIX_PATH=/home/container_user/omni_ws/install/omni_base_description:${AMENT_PREFIX_PATH} CMAKE_PREFIX_PATH=/home/container_user/omni_ws/install/omni_base_description:/opt/ros/humble /usr/bin/cmake /home/container_user/omni_ws/src/omni_base_bringup -DAMENT_CMAKE_SYMLINK_INSTALL=1 -DCMAKE_INSTALL_PREFIX=/home/container_user/omni_ws/install/omni_base_bringup
[1.022s] DEBUG:colcon.colcon_core.event_handler.log_command:Invoking command in '/home/container_user/omni_ws/build/omni_base_bringup': AMENT_PREFIX_PATH=/home/container_user/omni_ws/install/omni_base_description:${AMENT_PREFIX_PATH} CMAKE_PREFIX_PATH=/home/container_user/omni_ws/install/omni_base_description:/opt/ros/humble /usr/bin/cmake --build /home/container_user/omni_ws/build/omni_base_bringup -- -j16 -l16
[1.049s] DEBUG:colcon.colcon_core.event_handler.log_command:Invoked command in '/home/container_user/omni_ws/build/omni_base_bringup' returned '0': AMENT_PREFIX_PATH=/home/container_user/omni_ws/install/omni_base_description:${AMENT_PREFIX_PATH} CMAKE_PREFIX_PATH=/home/container_user/omni_ws/install/omni_base_description:/opt/ros/humble /usr/bin/cmake --build /home/container_user/omni_ws/build/omni_base_bringup -- -j16 -l16
[1.050s] DEBUG:colcon.colcon_core.event_handler.log_command:Invoking command in '/home/container_user/omni_ws/build/omni_base_bringup': AMENT_PREFIX_PATH=/home/container_user/omni_ws/install/omni_base_description:${AMENT_PREFIX_PATH} CMAKE_PREFIX_PATH=/home/container_user/omni_ws/install/omni_base_description:/opt/ros/humble /usr/bin/cmake --install /home/container_user/omni_ws/build/omni_base_bringup
[1.183s] Level 1:colcon.colcon_core.environment:create_environment_scripts_only(omni_base_bringup)
[1.183s] DEBUG:colcon.colcon_core.event_handler.log_command:Invoked command in '/home/container_user/omni_ws/build/omni_base_bringup' returned '0': AMENT_PREFIX_PATH=/home/container_user/omni_ws/install/omni_base_description:${AMENT_PREFIX_PATH} CMAKE_PREFIX_PATH=/home/container_user/omni_ws/install/omni_base_description:/opt/ros/humble /usr/bin/cmake --install /home/container_user/omni_ws/build/omni_base_bringup
[1.183s] Level 1:colcon.colcon_core.environment:checking '/home/container_user/omni_ws/install/omni_base_bringup' for CMake module files
[1.184s] Level 1:colcon.colcon_core.environment:checking '/home/container_user/omni_ws/install/omni_base_bringup' for CMake config files
[1.184s] Level 1:colcon.colcon_core.shell:create_environment_hook('omni_base_bringup', 'cmake_prefix_path')
[1.184s] INFO:colcon.colcon_core.shell:Creating environment hook '/home/container_user/omni_ws/install/omni_base_bringup/share/omni_base_bringup/hook/cmake_prefix_path.ps1'
[1.184s] INFO:colcon.colcon_core.shell:Creating environment descriptor '/home/container_user/omni_ws/install/omni_base_bringup/share/omni_base_bringup/hook/cmake_prefix_path.dsv'
[1.184s] INFO:colcon.colcon_core.shell:Creating environment hook '/home/container_user/omni_ws/install/omni_base_bringup/share/omni_base_bringup/hook/cmake_prefix_path.sh'
[1.185s] Level 1:colcon.colcon_core.environment:checking '/home/container_user/omni_ws/install/omni_base_bringup/bin'
[1.185s] Level 1:colcon.colcon_core.environment:checking '/home/container_user/omni_ws/install/omni_base_bringup/lib/pkgconfig/omni_base_bringup.pc'
[1.185s] Level 1:colcon.colcon_core.environment:checking '/home/container_user/omni_ws/install/omni_base_bringup/lib/python3.10/site-packages'
[1.185s] Level 1:colcon.colcon_core.environment:checking '/home/container_user/omni_ws/install/omni_base_bringup/bin'
[1.185s] INFO:colcon.colcon_core.shell:Creating package script '/home/container_user/omni_ws/install/omni_base_bringup/share/omni_base_bringup/package.ps1'
[1.185s] INFO:colcon.colcon_core.shell:Creating package descriptor '/home/container_user/omni_ws/install/omni_base_bringup/share/omni_base_bringup/package.dsv'
[1.185s] INFO:colcon.colcon_core.shell:Creating package script '/home/container_user/omni_ws/install/omni_base_bringup/share/omni_base_bringup/package.sh'
[1.186s] INFO:colcon.colcon_core.shell:Creating package script '/home/container_user/omni_ws/install/omni_base_bringup/share/omni_base_bringup/package.bash'
[1.186s] INFO:colcon.colcon_core.shell:Creating package script '/home/container_user/omni_ws/install/omni_base_bringup/share/omni_base_bringup/package.zsh'
[1.186s] Level 1:colcon.colcon_core.environment:create_file_with_runtime_dependencies(/home/container_user/omni_ws/install/omni_base_bringup/share/colcon-core/packages/omni_base_bringup)
[1.186s] Level 1:colcon.colcon_core.environment:create_environment_scripts_only(omni_base_bringup)
[1.186s] Level 1:colcon.colcon_core.environment:checking '/home/container_user/omni_ws/install/omni_base_bringup' for CMake module files
[1.186s] Level 1:colcon.colcon_core.environment:checking '/home/container_user/omni_ws/install/omni_base_bringup' for CMake config files
[1.187s] Level 1:colcon.colcon_core.shell:create_environment_hook('omni_base_bringup', 'cmake_prefix_path')
[1.187s] INFO:colcon.colcon_core.shell:Creating environment hook '/home/container_user/omni_ws/install/omni_base_bringup/share/omni_base_bringup/hook/cmake_prefix_path.ps1'
[1.187s] INFO:colcon.colcon_core.shell:Creating environment descriptor '/home/container_user/omni_ws/install/omni_base_bringup/share/omni_base_bringup/hook/cmake_prefix_path.dsv'
[1.187s] INFO:colcon.colcon_core.shell:Creating environment hook '/home/container_user/omni_ws/install/omni_base_bringup/share/omni_base_bringup/hook/cmake_prefix_path.sh'
[1.187s] Level 1:colcon.colcon_core.environment:checking '/home/container_user/omni_ws/install/omni_base_bringup/bin'
[1.187s] Level 1:colcon.colcon_core.environment:checking '/home/container_user/omni_ws/install/omni_base_bringup/lib/pkgconfig/omni_base_bringup.pc'
[1.187s] Level 1:colcon.colcon_core.environment:checking '/home/container_user/omni_ws/install/omni_base_bringup/lib/python3.10/site-packages'
[1.187s] Level 1:colcon.colcon_core.environment:checking '/home/container_user/omni_ws/install/omni_base_bringup/bin'
[1.188s] INFO:colcon.colcon_core.shell:Creating package script '/home/container_user/omni_ws/install/omni_base_bringup/share/omni_base_bringup/package.ps1'
[1.188s] INFO:colcon.colcon_core.shell:Creating package descriptor '/home/container_user/omni_ws/install/omni_base_bringup/share/omni_base_bringup/package.dsv'
[1.188s] INFO:colcon.colcon_core.shell:Creating package script '/home/container_user/omni_ws/install/omni_base_bringup/share/omni_base_bringup/package.sh'
[1.188s] INFO:colcon.colcon_core.shell:Creating package script '/home/container_user/omni_ws/install/omni_base_bringup/share/omni_base_bringup/package.bash'
[1.188s] INFO:colcon.colcon_core.shell:Creating package script '/home/container_user/omni_ws/install/omni_base_bringup/share/omni_base_bringup/package.zsh'
[1.189s] Level 1:colcon.colcon_core.environment:create_file_with_runtime_dependencies(/home/container_user/omni_ws/install/omni_base_bringup/share/colcon-core/packages/omni_base_bringup)
[1.189s] DEBUG:colcon.colcon_parallel_executor.executor.parallel:closing loop
[1.189s] DEBUG:colcon.colcon_parallel_executor.executor.parallel:loop closed
[1.189s] DEBUG:colcon.colcon_parallel_executor.executor.parallel:run_until_complete finished with '0'
[1.189s] DEBUG:colcon.colcon_core.event_reactor:joining thread
[1.192s] INFO:colcon.colcon_core.plugin_system:Skipping extension 'colcon_notification.desktop_notification.notify_send': Could not find 'notify-send'
[1.192s] INFO:colcon.colcon_core.plugin_system:Skipping extension 'colcon_notification.desktop_notification.terminal_notifier': Not used on non-Darwin systems
[1.192s] INFO:colcon.colcon_core.plugin_system:Skipping extension 'colcon_notification.desktop_notification.win32': Not used on non-Windows systems
[1.192s] INFO:colcon.colcon_notification.desktop_notification:Sending desktop notification using 'notify2'
[1.194s] DEBUG:colcon.colcon_notification.desktop_notification.notify2:Failed to initialize notify2: org.freedesktop.DBus.Error.Spawn.ExecFailed: /usr/bin/dbus-launch terminated abnormally without any error message
[1.194s] DEBUG:colcon.colcon_core.event_reactor:joined thread
[1.194s] INFO:colcon.colcon_core.shell:Creating prefix script '/home/container_user/omni_ws/install/local_setup.ps1'
[1.196s] INFO:colcon.colcon_core.shell:Creating prefix util module '/home/container_user/omni_ws/install/_local_setup_util_ps1.py'
[1.197s] INFO:colcon.colcon_core.shell:Creating prefix chain script '/home/container_user/omni_ws/install/setup.ps1'
[1.198s] INFO:colcon.colcon_core.shell:Creating prefix script '/home/container_user/omni_ws/install/local_setup.sh'
[1.198s] INFO:colcon.colcon_core.shell:Creating prefix util module '/home/container_user/omni_ws/install/_local_setup_util_sh.py'
[1.198s] INFO:colcon.colcon_core.shell:Creating prefix chain script '/home/container_user/omni_ws/install/setup.sh'
[1.199s] INFO:colcon.colcon_core.shell:Creating prefix script '/home/container_user/omni_ws/install/local_setup.bash'
[1.199s] INFO:colcon.colcon_core.shell:Creating prefix chain script '/home/container_user/omni_ws/install/setup.bash'
[1.200s] INFO:colcon.colcon_core.shell:Creating prefix script '/home/container_user/omni_ws/install/local_setup.zsh'
[1.200s] INFO:colcon.colcon_core.shell:Creating prefix chain script '/home/container_user/omni_ws/install/setup.zsh'
