-- The C compiler identification is GNU 11.4.0
-- The CXX compiler identification is GNU 11.4.0
-- Detecting C compiler ABI info
-- Detecting C compiler ABI info - done
-- Check for working C compiler: /usr/bin/cc - skipped
-- Detecting C compile features
-- Detecting C compile features - done
-- Detecting CXX compiler ABI info
-- Detecting CXX compiler ABI info - done
-- Check for working CXX compiler: /usr/bin/c++ - skipped
-- Detecting CXX compile features
-- Detecting CXX compile features - done
-- Found ament_cmake: 1.3.11 (/opt/ros/humble/share/ament_cmake/cmake)
-- Found Python3: /usr/bin/python3 (found version "3.10.12") found components: Interpreter 
-- Override CMake install command with custom implementation using symlinks instead of copying resources
-- Configuring done
-- Generating done
-- Build files have been written to: /home/container_user/omni_ws/build/omni_base_bringup
-- Install configuration: ""
-- Execute custom install script
-- Symlinking: /home/container_user/omni_ws/install/omni_base_bringup/share/omni_base_bringup/launch/bringup.launch.py
-- Symlinking: /home/container_user/omni_ws/install/omni_base_bringup/share/omni_base_bringup/launch/nav2.launch.py
-- Symlinking: /home/container_user/omni_ws/install/omni_base_bringup/share/omni_base_bringup/launch/rplidar.launch.py
-- Symlinking: /home/container_user/omni_ws/install/omni_base_bringup/share/omni_base_bringup/launch/slam.launch.py
-- Symlinking: /home/container_user/omni_ws/install/omni_base_bringup/share/omni_base_bringup/launch/visualize_lidar.launch.py
-- Symlinking: /home/container_user/omni_ws/install/omni_base_bringup/share/omni_base_bringup/config/lidar_view.rviz
-- Symlinking: /home/container_user/omni_ws/install/omni_base_bringup/share/omni_base_bringup/config/nav2_params.yaml
-- Symlinking: /home/container_user/omni_ws/install/omni_base_bringup/share/omni_base_bringup/config/slam_params.yaml
-- Symlinking: /home/container_user/omni_ws/install/omni_base_bringup/share/ament_index/resource_index/package_run_dependencies/omni_base_bringup
-- Symlinking: /home/container_user/omni_ws/install/omni_base_bringup/share/ament_index/resource_index/parent_prefix_path/omni_base_bringup
-- Symlinking: /home/container_user/omni_ws/install/omni_base_bringup/share/omni_base_bringup/environment/ament_prefix_path.sh
-- Symlinking: /home/container_user/omni_ws/install/omni_base_bringup/share/omni_base_bringup/environment/ament_prefix_path.dsv
-- Symlinking: /home/container_user/omni_ws/install/omni_base_bringup/share/omni_base_bringup/environment/path.sh
-- Symlinking: /home/container_user/omni_ws/install/omni_base_bringup/share/omni_base_bringup/environment/path.dsv
-- Symlinking: /home/container_user/omni_ws/install/omni_base_bringup/share/omni_base_bringup/local_setup.bash
-- Symlinking: /home/container_user/omni_ws/install/omni_base_bringup/share/omni_base_bringup/local_setup.sh
-- Symlinking: /home/container_user/omni_ws/install/omni_base_bringup/share/omni_base_bringup/local_setup.zsh
-- Symlinking: /home/container_user/omni_ws/install/omni_base_bringup/share/omni_base_bringup/local_setup.dsv
-- Symlinking: /home/container_user/omni_ws/install/omni_base_bringup/share/omni_base_bringup/package.dsv
-- Symlinking: /home/container_user/omni_ws/install/omni_base_bringup/share/ament_index/resource_index/packages/omni_base_bringup
-- Symlinking: /home/container_user/omni_ws/install/omni_base_bringup/share/omni_base_bringup/cmake/omni_base_bringupConfig.cmake
-- Symlinking: /home/container_user/omni_ws/install/omni_base_bringup/share/omni_base_bringup/cmake/omni_base_bringupConfig-version.cmake
-- Symlinking: /home/container_user/omni_ws/install/omni_base_bringup/share/omni_base_bringup/package.xml
