[0.005s] Invoking command in '/home/container_user/omni_ws/build/omni_base_bringup': AMENT_PREFIX_PATH=/home/container_user/omni_ws/install/omni_base_description:${AMENT_PREFIX_PATH} CMAKE_PREFIX_PATH=/home/container_user/omni_ws/install/omni_base_description:/opt/ros/humble /usr/bin/cmake /home/container_user/omni_ws/src/omni_base_bringup -DAMENT_CMAKE_SYMLINK_INSTALL=1 -DCMAKE_INSTALL_PREFIX=/home/container_user/omni_ws/install/omni_base_bringup
[0.040s] -- The C compiler identification is GNU 11.4.0
[0.075s] -- The CXX compiler identification is GNU 11.4.0
[0.080s] -- Detecting C compiler ABI info
[0.124s] -- Detecting C compiler ABI info - done
[0.128s] -- Check for working C compiler: /usr/bin/cc - skipped
[0.128s] -- Detecting C compile features
[0.128s] -- Detecting C compile features - done
[0.130s] -- Detecting CXX compiler ABI info
[0.183s] -- Detecting CXX compiler ABI info - done
[0.187s] -- Check for working CXX compiler: /usr/bin/c++ - skipped
[0.187s] -- Detecting CXX compile features
[0.187s] -- Detecting CXX compile features - done
[0.189s] -- Found ament_cmake: 1.3.11 (/opt/ros/humble/share/ament_cmake/cmake)
[0.275s] -- Found Python3: /usr/bin/python3 (found version "3.10.12") found components: Interpreter 
[0.311s] -- Override CMake install command with custom implementation using symlinks instead of copying resources
[0.362s] -- Configuring done
[0.363s] -- Generating done
[0.364s] -- Build files have been written to: /home/container_user/omni_ws/build/omni_base_bringup
[0.367s] Invoked command in '/home/container_user/omni_ws/build/omni_base_bringup' returned '0': AMENT_PREFIX_PATH=/home/container_user/omni_ws/install/omni_base_description:${AMENT_PREFIX_PATH} CMAKE_PREFIX_PATH=/home/container_user/omni_ws/install/omni_base_description:/opt/ros/humble /usr/bin/cmake /home/container_user/omni_ws/src/omni_base_bringup -DAMENT_CMAKE_SYMLINK_INSTALL=1 -DCMAKE_INSTALL_PREFIX=/home/container_user/omni_ws/install/omni_base_bringup
[0.368s] Invoking command in '/home/container_user/omni_ws/build/omni_base_bringup': AMENT_PREFIX_PATH=/home/container_user/omni_ws/install/omni_base_description:${AMENT_PREFIX_PATH} CMAKE_PREFIX_PATH=/home/container_user/omni_ws/install/omni_base_description:/opt/ros/humble /usr/bin/cmake --build /home/container_user/omni_ws/build/omni_base_bringup -- -j16 -l16
[0.396s] Invoked command in '/home/container_user/omni_ws/build/omni_base_bringup' returned '0': AMENT_PREFIX_PATH=/home/container_user/omni_ws/install/omni_base_description:${AMENT_PREFIX_PATH} CMAKE_PREFIX_PATH=/home/container_user/omni_ws/install/omni_base_description:/opt/ros/humble /usr/bin/cmake --build /home/container_user/omni_ws/build/omni_base_bringup -- -j16 -l16
[0.397s] Invoking command in '/home/container_user/omni_ws/build/omni_base_bringup': AMENT_PREFIX_PATH=/home/container_user/omni_ws/install/omni_base_description:${AMENT_PREFIX_PATH} CMAKE_PREFIX_PATH=/home/container_user/omni_ws/install/omni_base_description:/opt/ros/humble /usr/bin/cmake --install /home/container_user/omni_ws/build/omni_base_bringup
[0.401s] -- Install configuration: ""
[0.402s] -- Execute custom install script
[0.402s] -- Symlinking: /home/container_user/omni_ws/install/omni_base_bringup/share/omni_base_bringup/launch/bringup.launch.py
[0.407s] -- Symlinking: /home/container_user/omni_ws/install/omni_base_bringup/share/omni_base_bringup/launch/nav2.launch.py
[0.411s] -- Symlinking: /home/container_user/omni_ws/install/omni_base_bringup/share/omni_base_bringup/launch/rplidar.launch.py
[0.417s] -- Symlinking: /home/container_user/omni_ws/install/omni_base_bringup/share/omni_base_bringup/launch/slam.launch.py
[0.423s] -- Symlinking: /home/container_user/omni_ws/install/omni_base_bringup/share/omni_base_bringup/launch/visualize_lidar.launch.py
[0.429s] -- Symlinking: /home/container_user/omni_ws/install/omni_base_bringup/share/omni_base_bringup/config/lidar_view.rviz
[0.435s] -- Symlinking: /home/container_user/omni_ws/install/omni_base_bringup/share/omni_base_bringup/config/nav2_params.yaml
[0.440s] -- Symlinking: /home/container_user/omni_ws/install/omni_base_bringup/share/omni_base_bringup/config/slam_params.yaml
[0.446s] -- Symlinking: /home/container_user/omni_ws/install/omni_base_bringup/share/ament_index/resource_index/package_run_dependencies/omni_base_bringup
[0.453s] -- Symlinking: /home/container_user/omni_ws/install/omni_base_bringup/share/ament_index/resource_index/parent_prefix_path/omni_base_bringup
[0.459s] -- Symlinking: /home/container_user/omni_ws/install/omni_base_bringup/share/omni_base_bringup/environment/ament_prefix_path.sh
[0.464s] -- Symlinking: /home/container_user/omni_ws/install/omni_base_bringup/share/omni_base_bringup/environment/ament_prefix_path.dsv
[0.469s] -- Symlinking: /home/container_user/omni_ws/install/omni_base_bringup/share/omni_base_bringup/environment/path.sh
[0.475s] -- Symlinking: /home/container_user/omni_ws/install/omni_base_bringup/share/omni_base_bringup/environment/path.dsv
[0.480s] -- Symlinking: /home/container_user/omni_ws/install/omni_base_bringup/share/omni_base_bringup/local_setup.bash
[0.485s] -- Symlinking: /home/container_user/omni_ws/install/omni_base_bringup/share/omni_base_bringup/local_setup.sh
[0.491s] -- Symlinking: /home/container_user/omni_ws/install/omni_base_bringup/share/omni_base_bringup/local_setup.zsh
[0.496s] -- Symlinking: /home/container_user/omni_ws/install/omni_base_bringup/share/omni_base_bringup/local_setup.dsv
[0.500s] -- Symlinking: /home/container_user/omni_ws/install/omni_base_bringup/share/omni_base_bringup/package.dsv
[0.506s] -- Symlinking: /home/container_user/omni_ws/install/omni_base_bringup/share/ament_index/resource_index/packages/omni_base_bringup
[0.512s] -- Symlinking: /home/container_user/omni_ws/install/omni_base_bringup/share/omni_base_bringup/cmake/omni_base_bringupConfig.cmake
[0.518s] -- Symlinking: /home/container_user/omni_ws/install/omni_base_bringup/share/omni_base_bringup/cmake/omni_base_bringupConfig-version.cmake
[0.524s] -- Symlinking: /home/container_user/omni_ws/install/omni_base_bringup/share/omni_base_bringup/package.xml
[0.529s] Invoked command in '/home/container_user/omni_ws/build/omni_base_bringup' returned '0': AMENT_PREFIX_PATH=/home/container_user/omni_ws/install/omni_base_description:${AMENT_PREFIX_PATH} CMAKE_PREFIX_PATH=/home/container_user/omni_ws/install/omni_base_description:/opt/ros/humble /usr/bin/cmake --install /home/container_user/omni_ws/build/omni_base_bringup
