[0.010s] Invoking command in '/home/container_user/omni_ws/build/omni_base_description': CMAKE_PREFIX_PATH=/opt/ros/humble /usr/bin/cmake /home/container_user/omni_ws/src/omni_base_description -DAMENT_CMAKE_SYMLINK_INSTALL=1 -DCMAKE_INSTALL_PREFIX=/home/container_user/omni_ws/install/omni_base_description
[0.043s] -- The C compiler identification is GNU 11.4.0
[0.075s] -- The CXX compiler identification is GNU 11.4.0
[0.079s] -- Detecting C compiler ABI info
[0.118s] -- Detecting C compiler ABI info - done
[0.122s] -- Check for working C compiler: /usr/bin/cc - skipped
[0.122s] -- Detecting C compile features
[0.122s] -- Detecting C compile features - done
[0.124s] -- Detecting CXX compiler ABI info
[0.175s] -- Detecting CXX compiler ABI info - done
[0.182s] -- Check for working CXX compiler: /usr/bin/c++ - skipped
[0.182s] -- Detecting CXX compile features
[0.182s] -- Detecting CXX compile features - done
[0.184s] -- Found ament_cmake: 1.3.11 (/opt/ros/humble/share/ament_cmake/cmake)
[0.277s] -- Found Python3: /usr/bin/python3 (found version "3.10.12") found components: Interpreter 
[0.317s] -- Override CMake install command with custom implementation using symlinks instead of copying resources
[0.372s] -- Configuring done
[0.374s] -- Generating done
[0.374s] -- Build files have been written to: /home/container_user/omni_ws/build/omni_base_description
[0.377s] Invoked command in '/home/container_user/omni_ws/build/omni_base_description' returned '0': CMAKE_PREFIX_PATH=/opt/ros/humble /usr/bin/cmake /home/container_user/omni_ws/src/omni_base_description -DAMENT_CMAKE_SYMLINK_INSTALL=1 -DCMAKE_INSTALL_PREFIX=/home/container_user/omni_ws/install/omni_base_description
[0.378s] Invoking command in '/home/container_user/omni_ws/build/omni_base_description': CMAKE_PREFIX_PATH=/opt/ros/humble /usr/bin/cmake --build /home/container_user/omni_ws/build/omni_base_description -- -j16 -l16
[0.402s] Invoked command in '/home/container_user/omni_ws/build/omni_base_description' returned '0': CMAKE_PREFIX_PATH=/opt/ros/humble /usr/bin/cmake --build /home/container_user/omni_ws/build/omni_base_description -- -j16 -l16
[0.402s] Invoking command in '/home/container_user/omni_ws/build/omni_base_description': CMAKE_PREFIX_PATH=/opt/ros/humble /usr/bin/cmake --install /home/container_user/omni_ws/build/omni_base_description
[0.406s] -- Install configuration: ""
[0.406s] -- Execute custom install script
[0.406s] -- Symlinking: /home/container_user/omni_ws/install/omni_base_description/share/omni_base_description/launch/description.launch.py
[0.412s] -- Symlinking: /home/container_user/omni_ws/install/omni_base_description/share/omni_base_description/urdf/omni_base.urdf.xacro
[0.417s] -- Symlinking: /home/container_user/omni_ws/install/omni_base_description/share/ament_index/resource_index/package_run_dependencies/omni_base_description
[0.421s] -- Symlinking: /home/container_user/omni_ws/install/omni_base_description/share/ament_index/resource_index/parent_prefix_path/omni_base_description
[0.427s] -- Symlinking: /home/container_user/omni_ws/install/omni_base_description/share/omni_base_description/environment/ament_prefix_path.sh
[0.432s] -- Symlinking: /home/container_user/omni_ws/install/omni_base_description/share/omni_base_description/environment/ament_prefix_path.dsv
[0.437s] -- Symlinking: /home/container_user/omni_ws/install/omni_base_description/share/omni_base_description/environment/path.sh
[0.441s] -- Symlinking: /home/container_user/omni_ws/install/omni_base_description/share/omni_base_description/environment/path.dsv
[0.445s] -- Symlinking: /home/container_user/omni_ws/install/omni_base_description/share/omni_base_description/local_setup.bash
[0.450s] -- Symlinking: /home/container_user/omni_ws/install/omni_base_description/share/omni_base_description/local_setup.sh
[0.457s] -- Symlinking: /home/container_user/omni_ws/install/omni_base_description/share/omni_base_description/local_setup.zsh
[0.463s] -- Symlinking: /home/container_user/omni_ws/install/omni_base_description/share/omni_base_description/local_setup.dsv
[0.467s] -- Symlinking: /home/container_user/omni_ws/install/omni_base_description/share/omni_base_description/package.dsv
[0.472s] -- Symlinking: /home/container_user/omni_ws/install/omni_base_description/share/ament_index/resource_index/packages/omni_base_description
[0.478s] -- Symlinking: /home/container_user/omni_ws/install/omni_base_description/share/omni_base_description/cmake/omni_base_descriptionConfig.cmake
[0.483s] -- Symlinking: /home/container_user/omni_ws/install/omni_base_description/share/omni_base_description/cmake/omni_base_descriptionConfig-version.cmake
[0.491s] -- Symlinking: /home/container_user/omni_ws/install/omni_base_description/share/omni_base_description/package.xml
[0.501s] Invoked command in '/home/container_user/omni_ws/build/omni_base_description' returned '0': CMAKE_PREFIX_PATH=/opt/ros/humble /usr/bin/cmake --install /home/container_user/omni_ws/build/omni_base_description
