[0.007s] Invoking command in '/home/container_user/omni_ws/build/omni_base_control': CMAKE_PREFIX_PATH=/opt/ros/humble /usr/bin/cmake /home/container_user/omni_ws/src/omni_base_control -DAMENT_CMAKE_SYMLINK_INSTALL=1 -DCMAKE_INSTALL_PREFIX=/home/container_user/omni_ws/install/omni_base_control
[0.038s] -- The C compiler identification is GNU 11.4.0
[0.071s] -- The CXX compiler identification is GNU 11.4.0
[0.076s] -- Detecting C compiler ABI info
[0.121s] -- Detecting C compiler ABI info - done
[0.125s] -- Check for working C compiler: /usr/bin/cc - skipped
[0.126s] -- Detecting C compile features
[0.126s] -- Detecting C compile features - done
[0.128s] -- Detecting CXX compiler ABI info
[0.176s] -- Detecting CXX compiler ABI info - done
[0.181s] -- Check for working CXX compiler: /usr/bin/c++ - skipped
[0.181s] -- Detecting CXX compile features
[0.181s] -- Detecting CXX compile features - done
[0.183s] -- Found ament_cmake: 1.3.11 (/opt/ros/humble/share/ament_cmake/cmake)
[0.273s] -- Found Python3: /usr/bin/python3 (found version "3.10.12") found components: Interpreter 
[0.315s] -- Override CMake install command with custom implementation using symlinks instead of copying resources
[0.369s] -- Configuring done
[0.371s] -- Generating done
[0.373s] -- Build files have been written to: /home/container_user/omni_ws/build/omni_base_control
[0.376s] Invoked command in '/home/container_user/omni_ws/build/omni_base_control' returned '0': CMAKE_PREFIX_PATH=/opt/ros/humble /usr/bin/cmake /home/container_user/omni_ws/src/omni_base_control -DAMENT_CMAKE_SYMLINK_INSTALL=1 -DCMAKE_INSTALL_PREFIX=/home/container_user/omni_ws/install/omni_base_control
[0.376s] Invoking command in '/home/container_user/omni_ws/build/omni_base_control': CMAKE_PREFIX_PATH=/opt/ros/humble /usr/bin/cmake --build /home/container_user/omni_ws/build/omni_base_control -- -j16 -l16
[0.399s] Invoked command in '/home/container_user/omni_ws/build/omni_base_control' returned '0': CMAKE_PREFIX_PATH=/opt/ros/humble /usr/bin/cmake --build /home/container_user/omni_ws/build/omni_base_control -- -j16 -l16
[0.399s] Invoking command in '/home/container_user/omni_ws/build/omni_base_control': CMAKE_PREFIX_PATH=/opt/ros/humble /usr/bin/cmake --install /home/container_user/omni_ws/build/omni_base_control
[0.403s] -- Install configuration: ""
[0.403s] -- Execute custom install script
[0.404s] -- Symlinking: /home/container_user/omni_ws/install/omni_base_control/share/omni_base_control/launch/control.launch.py
[0.408s] -- Symlinking: /home/container_user/omni_ws/install/omni_base_control/share/ament_index/resource_index/package_run_dependencies/omni_base_control
[0.413s] -- Symlinking: /home/container_user/omni_ws/install/omni_base_control/share/ament_index/resource_index/parent_prefix_path/omni_base_control
[0.418s] -- Symlinking: /home/container_user/omni_ws/install/omni_base_control/share/omni_base_control/environment/ament_prefix_path.sh
[0.422s] -- Symlinking: /home/container_user/omni_ws/install/omni_base_control/share/omni_base_control/environment/ament_prefix_path.dsv
[0.427s] -- Symlinking: /home/container_user/omni_ws/install/omni_base_control/share/omni_base_control/environment/path.sh
[0.433s] -- Symlinking: /home/container_user/omni_ws/install/omni_base_control/share/omni_base_control/environment/path.dsv
[0.437s] -- Symlinking: /home/container_user/omni_ws/install/omni_base_control/share/omni_base_control/local_setup.bash
[0.443s] -- Symlinking: /home/container_user/omni_ws/install/omni_base_control/share/omni_base_control/local_setup.sh
[0.447s] -- Symlinking: /home/container_user/omni_ws/install/omni_base_control/share/omni_base_control/local_setup.zsh
[0.452s] -- Symlinking: /home/container_user/omni_ws/install/omni_base_control/share/omni_base_control/local_setup.dsv
[0.456s] -- Symlinking: /home/container_user/omni_ws/install/omni_base_control/share/omni_base_control/package.dsv
[0.463s] -- Symlinking: /home/container_user/omni_ws/install/omni_base_control/share/ament_index/resource_index/packages/omni_base_control
[0.468s] -- Symlinking: /home/container_user/omni_ws/install/omni_base_control/share/omni_base_control/cmake/omni_base_controlConfig.cmake
[0.473s] -- Symlinking: /home/container_user/omni_ws/install/omni_base_control/share/omni_base_control/cmake/omni_base_controlConfig-version.cmake
[0.478s] -- Symlinking: /home/container_user/omni_ws/install/omni_base_control/share/omni_base_control/package.xml
[0.492s] Invoked command in '/home/container_user/omni_ws/build/omni_base_control' returned '0': CMAKE_PREFIX_PATH=/opt/ros/humble /usr/bin/cmake --install /home/container_user/omni_ws/build/omni_base_control
